Log file open, 01/14/20 11:35:33
LogWindows: Failed to load 'aqProf.dll' (GetLastError=126)
LogWindows: File 'aqProf.dll' does not exist
LogWindows: Failed to load 'VtuneApi.dll' (GetLastError=126)
LogWindows: File 'VtuneApi.dll' does not exist
LogWindows: Failed to load 'VtuneApi32e.dll' (GetLastError=126)
LogWindows: File 'VtuneApi32e.dll' does not exist
LogConsoleResponse: Display: Failed to find resolution value strings in scalability ini. Falling back to default.
LogInit: Display: Running engine for game: TP_Platformer
LogPlatformFile: Not using cached read wrapper
LogTaskGraph: Started task graph with 5 named threads and 35 total threads with 3 sets of task threads.
LogStats: Stats thread started at 0.059317
LogD3D11RHI: Loaded GFSDK_Aftermath_Lib.x64.dll
LogICUInternationalization: ICU TimeZone Detection - Raw Offset: -8:00, Platform Override: ''
LogPluginManager: Mounting plugin Paper2D
LogPluginManager: Mounting plugin AISupport
LogPluginManager: Mounting plugin LightPropagationVolume
LogPluginManager: Mounting plugin ActorLayerUtilities
LogPluginManager: Mounting plugin AnimationSharing
LogPluginManager: Mounting plugin CLionSourceCodeAccess
LogPluginManager: Mounting plugin CodeLiteSourceCodeAccess
LogPluginManager: Mounting plugin GitSourceControl
LogPluginManager: Mounting plugin KDevelopSourceCodeAccess
LogPluginManager: Mounting plugin NullSourceCodeAccess
LogPluginManager: Mounting plugin PerforceSourceControl
LogPluginManager: Mounting plugin PlasticSourceControl
LogPluginManager: Mounting plugin SubversionSourceControl
LogPluginManager: Mounting plugin UObjectPlugin
LogPluginManager: Mounting plugin VisualStudioCodeSourceCodeAccess
LogPluginManager: Mounting plugin VisualStudioSourceCodeAccess
LogPluginManager: Mounting plugin XCodeSourceCodeAccess
LogPluginManager: Mounting plugin AssetManagerEditor
LogPluginManager: Mounting plugin CryptoKeys
LogPluginManager: Mounting plugin CurveEditorTools
LogPluginManager: Mounting plugin DataValidation
LogPluginManager: Mounting plugin FacialAnimation
LogPluginManager: Mounting plugin GameplayTagsEditor
LogPluginManager: Mounting plugin MacGraphicsSwitching
LogPluginManager: Mounting plugin MaterialAnalyzer
LogPluginManager: Mounting plugin MobileLauncherProfileWizard
LogPluginManager: Mounting plugin PluginBrowser
LogPluginManager: Mounting plugin SpeedTreeImporter
LogPluginManager: Mounting plugin DatasmithContent
LogPluginManager: Mounting plugin VariantManagerContent
LogPluginManager: Mounting plugin AlembicImporter
LogPluginManager: Mounting plugin AutomationUtils
LogPluginManager: Mounting plugin BackChannel
LogPluginManager: Mounting plugin CharacterAI
LogPluginManager: Mounting plugin GeometryCache
LogPluginManager: Mounting plugin PlatformCrypto
LogPluginManager: Mounting plugin ProxyLODPlugin
LogPluginManager: Mounting plugin SkeletalReduction
LogPluginManager: Mounting plugin MagicLeap
LogPluginManager: Mounting plugin MagicLeapMedia
LogPluginManager: Mounting plugin MLSDK
LogPluginManager: Mounting plugin AndroidMedia
LogPluginManager: Mounting plugin AvfMedia
LogPluginManager: Mounting plugin ImgMedia
LogPluginManager: Mounting plugin MediaCompositing
LogPluginManager: Mounting plugin MediaPlayerEditor
LogPluginManager: Mounting plugin WebMMedia
LogPluginManager: Mounting plugin WmfMedia
LogPluginManager: Mounting plugin TcpMessaging
LogPluginManager: Mounting plugin UdpMessaging
LogPluginManager: Mounting plugin ActorSequence
LogPluginManager: Mounting plugin LevelSequenceEditor
LogPluginManager: Mounting plugin MatineeToLevelSequence
LogPluginManager: Mounting plugin NetcodeUnitTest
LogPluginManager: Mounting plugin NUTUnrealEngine4
LogPluginManager: Mounting plugin OnlineSubsystemGooglePlay
LogPluginManager: Mounting plugin OnlineSubsystemIOS
LogPluginManager: Mounting plugin OnlineSubsystem
LogPluginManager: Mounting plugin OnlineSubsystemNull
LogPluginManager: Mounting plugin OnlineSubsystemUtils
LogPluginManager: Mounting plugin LauncherChunkInstaller
LogPluginManager: Mounting plugin AndroidDeviceProfileSelector
LogPluginManager: Mounting plugin AndroidMoviePlayer
LogPluginManager: Mounting plugin AndroidPermission
LogPluginManager: Mounting plugin AppleImageUtils
LogPluginManager: Mounting plugin AppleMoviePlayer
LogPluginManager: Mounting plugin ArchVisCharacter
LogPluginManager: Mounting plugin AssetTags
LogPluginManager: Mounting plugin AudioCapture
LogPluginManager: Mounting plugin CableComponent
LogPluginManager: Mounting plugin CustomMeshComponent
LogPluginManager: Mounting plugin EditableMesh
LogPluginManager: Mounting plugin ExampleDeviceProfileSelector
LogPluginManager: Mounting plugin GoogleCloudMessaging
LogPluginManager: Mounting plugin IOSDeviceProfileSelector
LogPluginManager: Mounting plugin LinuxDeviceProfileSelector
LogPluginManager: Mounting plugin LocationServicesBPLibrary
LogPluginManager: Mounting plugin MobilePatchingUtils
LogPluginManager: Mounting plugin OculusVR
LogPluginManager: Mounting plugin PhysXVehicles
LogPluginManager: Mounting plugin PostSplashScreen
LogPluginManager: Mounting plugin ProceduralMeshComponent
LogPluginManager: Mounting plugin RuntimePhysXCooking
LogPluginManager: Mounting plugin SignificanceManager
LogPluginManager: Mounting plugin SteamVR
LogPluginManager: Mounting plugin WebMMoviePlayer
LogPluginManager: Mounting plugin WindowsMoviePlayer
LogPluginManager: Mounting plugin ScreenshotTools
LogInit: Using libcurl 7.55.1-DEV
LogInit:  - built for x86_64-pc-win32
LogInit:  - supports SSL with OpenSSL/1.1.1
LogInit:  - supports HTTP deflate (compression) using libz 1.2.8
LogInit:  - other features:
LogInit:      CURL_VERSION_SSL
LogInit:      CURL_VERSION_LIBZ
LogInit:      CURL_VERSION_IPV6
LogInit:      CURL_VERSION_ASYNCHDNS
LogInit:      CURL_VERSION_LARGEFILE
LogInit:      CURL_VERSION_IDN
LogInit:  CurlRequestOptions (configurable via config and command line):
LogInit:  - bVerifyPeer = true  - Libcurl will verify peer certificate
LogInit:  - bUseHttpProxy = false  - Libcurl will NOT use HTTP proxy
LogInit:  - bDontReuseConnections = false  - Libcurl will reuse connections
LogInit:  - MaxHostConnections = 16  - Libcurl will limit the number of connections to a host
LogInit:  - LocalHostAddr = Default
LogInit:  - BufferSize = 65536
LogOnline: OSS: Creating online subsystem instance for: NULL
LogInit: WinSock: version 1.1 (2.2), MaxSocks=32767, MaxUdp=65467
LogOnline: OSS: TryLoadSubsystemAndSetDefault: Loaded subsystem for module [NULL]
LogHMD: Failed initializing OVRPlugin 1.40.0
LogInit: Build: ++UE4+Release-4.24-CL-10757647
LogInit: Engine Version: 4.24.1-10757647+++UE4+Release-4.24
LogInit: Compatible Engine Version: 4.24.0-10570792+++UE4+Release-4.24
LogInit: Net CL: 10570792
LogInit: OS: Windows 10 (Release 1903) (), CPU: Intel(R) Core(TM) i7-8750H CPU @ 2.20GHz, GPU: Intel(R) UHD Graphics 630
LogInit: Compiled (64-bit): Dec 17 2019 02:08:03
LogInit: Compiled with Visual C++: 19.16.27032.01
LogInit: Build Configuration: Development
LogInit: Branch Name: ++UE4+Release-4.24
LogInit: Command Line: 
LogInit: Base Directory: C:/Program Files/Epic Games/UE_4.24/Engine/Binaries/Win64/
LogInit: Installed Engine Build: 1
LogDevObjectVersion: Number of dev versions registered: 25
LogDevObjectVersion:   Dev-Blueprints (B0D832E4-1F89-4F0D-ACCF-7EB736FD4AA2): 10
LogDevObjectVersion:   Dev-Build (E1C64328-A22C-4D53-A36C-8E866417BD8C): 0
LogDevObjectVersion:   Dev-Core (375EC13C-06E4-48FB-B500-84F0262A717E): 3
LogDevObjectVersion:   Dev-Editor (E4B068ED-F494-42E9-A231-DA0B2E46BB41): 37
LogDevObjectVersion:   Dev-Framework (CFFC743F-43B0-4480-9391-14DF171D2073): 36
LogDevObjectVersion:   Dev-Mobile (B02B49B5-BB20-44E9-A304-32B752E40360): 2
LogDevObjectVersion:   Dev-Networking (A4E4105C-59A1-49B5-A7C5-40C4547EDFEE): 0
LogDevObjectVersion:   Dev-Online (39C831C9-5AE6-47DC-9A44-9C173E1C8E7C): 0
LogDevObjectVersion:   Dev-Physics (78F01B33-EBEA-4F98-B9B4-84EACCB95AA2): 2
LogDevObjectVersion:   Dev-Platform (6631380F-2D4D-43E0-8009-CF276956A95A): 0
LogDevObjectVersion:   Dev-Rendering (12F88B9F-8875-4AFC-A67C-D90C383ABD29): 36
LogDevObjectVersion:   Dev-Sequencer (7B5AE74C-D270-4C10-A958-57980B212A5A): 11
LogDevObjectVersion:   Dev-VR (D7296918-1DD6-4BDD-9DE2-64A83CC13884): 2
LogDevObjectVersion:   Dev-LoadTimes (C2A15278-BFE7-4AFE-6C17-90FF531DF755): 1
LogDevObjectVersion:   Private-Geometry (6EACA3D4-40EC-4CC1-B786-8BED09428FC5): 3
LogDevObjectVersion:   Dev-AnimPhys (29E575DD-E0A3-4627-9D10-D276232CDCEA): 17
LogDevObjectVersion:   Dev-Anim (AF43A65D-7FD3-4947-9873-3E8ED9C1BB05): 2
LogDevObjectVersion:   Dev-ReflectionCapture (6B266CEC-1EC7-4B8F-A30B-E4D90942FC07): 1
LogDevObjectVersion:   Dev-Automation (0DF73D61-A23F-47EA-B727-89E90C41499A): 1
LogDevObjectVersion:   FortniteMain (601D1886-AC64-4F84-AA16-D3DE0DEAC7D6): 31
LogDevObjectVersion:   Dev-Enterprise (9DFFBCD6-494F-0158-E221-12823C92A888): 8
LogDevObjectVersion:   Dev-Niagara (F2AED0AC-9AFE-416F-8664-AA7FFA26D6FC): 1
LogDevObjectVersion:   Dev-Destruction (174F1F0B-B4C6-45A5-B13F-2EE8D0FB917D): 9
LogDevObjectVersion:   Dev-Physics-Ext (35F94A83-E258-406C-A318-09F59610247C): 8
LogDevObjectVersion:   Dev-CineCamera (B2E18506-4273-CFC2-A54E-F4BB758BBA07): 1
LogInit: Presizing for max 25165824 objects, including 0 objects not considered by GC, pre-allocating 0 bytes for permanent pool.
LogInit: Object subsystem initialized
LogConfig: Setting CVar [[con.DebugEarlyDefault:1]]
LogConfig: Setting CVar [[r.setres:1280x720]]
[2020.01.14-19.35.34:638][  0]LogConfig: Setting CVar [[r.VSync:0]]
[2020.01.14-19.35.34:638][  0]LogConfig: Setting CVar [[r.RHICmdBypass:0]]
[2020.01.14-19.35.34:638][  0]LogConfig: Applying CVar settings from Section [/Script/Engine.RendererSettings] File [C:/Users/josie/Documents/GitHub/Unreal_Class/TP_Platformer/Saved/Config/Windows/Engine.ini]
[2020.01.14-19.35.34:638][  0]LogConfig: Setting CVar [[r.GPUCrashDebugging:0]]
[2020.01.14-19.35.34:638][  0]LogConfig: Applying CVar settings from Section [/Script/Engine.RendererOverrideSettings] File [C:/Users/josie/Documents/GitHub/Unreal_Class/TP_Platformer/Saved/Config/Windows/Engine.ini]
[2020.01.14-19.35.34:638][  0]LogConfig: Applying CVar settings from Section [/Script/Engine.StreamingSettings] File [C:/Users/josie/Documents/GitHub/Unreal_Class/TP_Platformer/Saved/Config/Windows/Engine.ini]
[2020.01.14-19.35.34:638][  0]LogConfig: Setting CVar [[s.MinBulkDataSizeForAsyncLoading:131072]]
[2020.01.14-19.35.34:638][  0]LogConfig: Setting CVar [[s.AsyncLoadingThreadEnabled:0]]
[2020.01.14-19.35.34:638][  0]LogConfig: Setting CVar [[s.EventDrivenLoaderEnabled:1]]
[2020.01.14-19.35.34:638][  0]LogConfig: Setting CVar [[s.WarnIfTimeLimitExceeded:0]]
[2020.01.14-19.35.34:638][  0]LogConfig: Setting CVar [[s.TimeLimitExceededMultiplier:1.5]]
[2020.01.14-19.35.34:638][  0]LogConfig: Setting CVar [[s.TimeLimitExceededMinTime:0.005]]
[2020.01.14-19.35.34:638][  0]LogConfig: Setting CVar [[s.UseBackgroundLevelStreaming:1]]
[2020.01.14-19.35.34:638][  0]LogConfig: Setting CVar [[s.PriorityAsyncLoadingExtraTime:15.0]]
[2020.01.14-19.35.34:638][  0]LogConfig: Setting CVar [[s.LevelStreamingActorsUpdateTimeLimit:5.0]]
[2020.01.14-19.35.34:638][  0]LogConfig: Setting CVar [[s.PriorityLevelStreamingActorsUpdateExtraTime:5.0]]
[2020.01.14-19.35.34:638][  0]LogConfig: Setting CVar [[s.LevelStreamingComponentsRegistrationGranularity:10]]
[2020.01.14-19.35.34:638][  0]LogConfig: Setting CVar [[s.UnregisterComponentsTimeLimit:1.0]]
[2020.01.14-19.35.34:638][  0]LogConfig: Setting CVar [[s.LevelStreamingComponentsUnregistrationGranularity:5]]
[2020.01.14-19.35.34:638][  0]LogConfig: Setting CVar [[s.FlushStreamingOnExit:1]]
[2020.01.14-19.35.34:639][  0]LogConfig: Applying CVar settings from Section [/Script/Engine.GarbageCollectionSettings] File [C:/Users/josie/Documents/GitHub/Unreal_Class/TP_Platformer/Saved/Config/Windows/Engine.ini]
[2020.01.14-19.35.34:639][  0]LogConfig: Setting CVar [[gc.MaxObjectsNotConsideredByGC:1]]
[2020.01.14-19.35.34:639][  0]LogConfig: Setting CVar [[gc.SizeOfPermanentObjectPool:0]]
[2020.01.14-19.35.34:639][  0]LogConfig: Setting CVar [[gc.FlushStreamingOnGC:0]]
[2020.01.14-19.35.34:639][  0]LogConfig: Setting CVar [[gc.NumRetriesBeforeForcingGC:10]]
[2020.01.14-19.35.34:639][  0]LogConfig: Setting CVar [[gc.AllowParallelGC:1]]
[2020.01.14-19.35.34:639][  0]LogConfig: Setting CVar [[gc.TimeBetweenPurgingPendingKillObjects:61.1]]
[2020.01.14-19.35.34:639][  0]LogConfig: Setting CVar [[gc.MaxObjectsInEditor:25165824]]
[2020.01.14-19.35.34:639][  0]LogConfig: Setting CVar [[gc.IncrementalBeginDestroyEnabled:1]]
[2020.01.14-19.35.34:639][  0]LogConfig: Setting CVar [[gc.CreateGCClusters:1]]
[2020.01.14-19.35.34:639][  0]LogConfig: Setting CVar [[gc.MinGCClusterSize:5]]
[2020.01.14-19.35.34:639][  0]LogConfig: Setting CVar [[gc.ActorClusteringEnabled:0]]
[2020.01.14-19.35.34:639][  0]LogConfig: Setting CVar [[gc.BlueprintClusteringEnabled:0]]
[2020.01.14-19.35.34:639][  0]LogConfig: Setting CVar [[gc.UseDisregardForGCOnDedicatedServers:0]]
[2020.01.14-19.35.34:639][  0]LogConfig: Applying CVar settings from Section [/Script/Engine.NetworkSettings] File [C:/Users/josie/Documents/GitHub/Unreal_Class/TP_Platformer/Saved/Config/Windows/Engine.ini]
[2020.01.14-19.35.34:639][  0]LogConfig: Applying CVar settings from Section [/Script/UnrealEd.CookerSettings] File [C:/Users/josie/Documents/GitHub/Unreal_Class/TP_Platformer/Saved/Config/Windows/Engine.ini]
[2020.01.14-19.35.34:640][  0]LogConfig: Applying CVar settings from Section [ViewDistanceQuality@3] File [C:/Users/josie/Documents/GitHub/Unreal_Class/TP_Platformer/Saved/Config/Windows/Scalability.ini]
[2020.01.14-19.35.34:640][  0]LogConfig: Setting CVar [[r.SkeletalMeshLODBias:0]]
[2020.01.14-19.35.34:640][  0]LogConfig: Setting CVar [[r.ViewDistanceScale:1.0]]
[2020.01.14-19.35.34:640][  0]LogConfig: Applying CVar settings from Section [AntiAliasingQuality@3] File [C:/Users/josie/Documents/GitHub/Unreal_Class/TP_Platformer/Saved/Config/Windows/Scalability.ini]
[2020.01.14-19.35.34:640][  0]LogConfig: Setting CVar [[r.PostProcessAAQuality:4]]
[2020.01.14-19.35.34:640][  0]LogConfig: Applying CVar settings from Section [ShadowQuality@3] File [C:/Users/josie/Documents/GitHub/Unreal_Class/TP_Platformer/Saved/Config/Windows/Scalability.ini]
[2020.01.14-19.35.34:640][  0]LogConfig: Setting CVar [[r.LightFunctionQuality:1]]
[2020.01.14-19.35.34:640][  0]LogConfig: Setting CVar [[r.ShadowQuality:5]]
[2020.01.14-19.35.34:640][  0]LogConfig: Setting CVar [[r.Shadow.CSM.MaxCascades:10]]
[2020.01.14-19.35.34:640][  0]LogConfig: Setting CVar [[r.Shadow.MaxResolution:2048]]
[2020.01.14-19.35.34:640][  0]LogConfig: Setting CVar [[r.Shadow.MaxCSMResolution:2048]]
[2020.01.14-19.35.34:641][  0]LogConfig: Setting CVar [[r.Shadow.RadiusThreshold:0.01]]
[2020.01.14-19.35.34:641][  0]LogConfig: Setting CVar [[r.Shadow.DistanceScale:1.0]]
[2020.01.14-19.35.34:641][  0]LogConfig: Setting CVar [[r.Shadow.CSM.TransitionScale:1.0]]
[2020.01.14-19.35.34:641][  0]LogConfig: Setting CVar [[r.Shadow.PreShadowResolutionFactor:1.0]]
[2020.01.14-19.35.34:641][  0]LogConfig: Setting CVar [[r.DistanceFieldShadowing:1]]
[2020.01.14-19.35.34:641][  0]LogConfig: Setting CVar [[r.DistanceFieldAO:1]]
[2020.01.14-19.35.34:641][  0]LogConfig: Setting CVar [[r.AOQuality:2]]
[2020.01.14-19.35.34:641][  0]LogConfig: Setting CVar [[r.VolumetricFog:1]]
[2020.01.14-19.35.34:641][  0]LogConfig: Setting CVar [[r.VolumetricFog.GridPixelSize:8]]
[2020.01.14-19.35.34:641][  0]LogConfig: Setting CVar [[r.VolumetricFog.GridSizeZ:128]]
[2020.01.14-19.35.34:641][  0]LogConfig: Setting CVar [[r.VolumetricFog.HistoryMissSupersampleCount:4]]
[2020.01.14-19.35.34:641][  0]LogConfig: Setting CVar [[r.LightMaxDrawDistanceScale:1]]
[2020.01.14-19.35.34:641][  0]LogConfig: Setting CVar [[r.CapsuleShadows:1]]
[2020.01.14-19.35.34:641][  0]LogConfig: Applying CVar settings from Section [PostProcessQuality@3] File [C:/Users/josie/Documents/GitHub/Unreal_Class/TP_Platformer/Saved/Config/Windows/Scalability.ini]
[2020.01.14-19.35.34:641][  0]LogConfig: Setting CVar [[r.MotionBlurQuality:4]]
[2020.01.14-19.35.34:641][  0]LogConfig: Setting CVar [[r.AmbientOcclusionMipLevelFactor:0.4]]
[2020.01.14-19.35.34:641][  0]LogConfig: Setting CVar [[r.AmbientOcclusionMaxQuality:100]]
[2020.01.14-19.35.34:641][  0]LogConfig: Setting CVar [[r.AmbientOcclusionLevels:-1]]
[2020.01.14-19.35.34:641][  0]LogConfig: Setting CVar [[r.AmbientOcclusionRadiusScale:1.0]]
[2020.01.14-19.35.34:641][  0]LogConfig: Setting CVar [[r.DepthOfFieldQuality:2]]
[2020.01.14-19.35.34:641][  0]LogConfig: Setting CVar [[r.RenderTargetPoolMin:400]]
[2020.01.14-19.35.34:641][  0]LogConfig: Setting CVar [[r.LensFlareQuality:2]]
[2020.01.14-19.35.34:641][  0]LogConfig: Setting CVar [[r.SceneColorFringeQuality:1]]
[2020.01.14-19.35.34:641][  0]LogConfig: Setting CVar [[r.EyeAdaptationQuality:2]]
[2020.01.14-19.35.34:641][  0]LogConfig: Setting CVar [[r.BloomQuality:5]]
[2020.01.14-19.35.34:641][  0]LogConfig: Setting CVar [[r.FastBlurThreshold:100]]
[2020.01.14-19.35.34:641][  0]LogConfig: Setting CVar [[r.Upscale.Quality:3]]
[2020.01.14-19.35.34:641][  0]LogConfig: Setting CVar [[r.Tonemapper.GrainQuantization:1]]
[2020.01.14-19.35.34:641][  0]LogConfig: Setting CVar [[r.LightShaftQuality:1]]
[2020.01.14-19.35.34:641][  0]LogConfig: Setting CVar [[r.Filter.SizeScale:1]]
[2020.01.14-19.35.34:641][  0]LogConfig: Setting CVar [[r.Tonemapper.Quality:5]]
[2020.01.14-19.35.34:641][  0]LogConfig: Setting CVar [[r.DOF.Gather.AccumulatorQuality:1        ; higher gathering accumulator quality]]
[2020.01.14-19.35.34:641][  0]LogConfig: Setting CVar [[r.DOF.Gather.PostfilterMethod:1          ; Median3x3 postfilering method]]
[2020.01.14-19.35.34:641][  0]LogConfig: Setting CVar [[r.DOF.Gather.EnableBokehSettings:0       ; no bokeh simulation when gathering]]
[2020.01.14-19.35.34:641][  0]LogConfig: Setting CVar [[r.DOF.Gather.RingCount:4                 ; medium number of samples when gathering]]
[2020.01.14-19.35.34:641][  0]LogConfig: Setting CVar [[r.DOF.Scatter.ForegroundCompositing:1    ; additive foreground scattering]]
[2020.01.14-19.35.34:641][  0]LogConfig: Setting CVar [[r.DOF.Scatter.BackgroundCompositing:2    ; additive background scattering]]
[2020.01.14-19.35.34:641][  0]LogConfig: Setting CVar [[r.DOF.Scatter.EnableBokehSettings:1      ; bokeh simulation when scattering]]
[2020.01.14-19.35.34:641][  0]LogConfig: Setting CVar [[r.DOF.Scatter.MaxSpriteRatio:0.1         ; only a maximum of 10% of scattered bokeh]]
[2020.01.14-19.35.34:641][  0]LogConfig: Setting CVar [[r.DOF.Recombine.Quality:1                ; cheap slight out of focus]]
[2020.01.14-19.35.34:641][  0]LogConfig: Setting CVar [[r.DOF.Recombine.EnableBokehSettings:0    ; no bokeh simulation on slight out of focus]]
[2020.01.14-19.35.34:641][  0]LogConfig: Setting CVar [[r.DOF.TemporalAAQuality:1                ; more stable temporal accumulation]]
[2020.01.14-19.35.34:641][  0]LogConfig: Setting CVar [[r.DOF.Kernel.MaxForegroundRadius:0.025]]
[2020.01.14-19.35.34:641][  0]LogConfig: Setting CVar [[r.DOF.Kernel.MaxBackgroundRadius:0.025]]
[2020.01.14-19.35.34:641][  0]LogConfig: Applying CVar settings from Section [TextureQuality@3] File [C:/Users/josie/Documents/GitHub/Unreal_Class/TP_Platformer/Saved/Config/Windows/Scalability.ini]
[2020.01.14-19.35.34:641][  0]LogConfig: Setting CVar [[r.Streaming.MipBias:0]]
[2020.01.14-19.35.34:641][  0]LogConfig: Setting CVar [[r.Streaming.AmortizeCPUToGPUCopy:0]]
[2020.01.14-19.35.34:641][  0]LogConfig: Setting CVar [[r.Streaming.MaxNumTexturesToStreamPerFrame:0]]
[2020.01.14-19.35.34:641][  0]LogConfig: Setting CVar [[r.Streaming.Boost:1]]
[2020.01.14-19.35.34:641][  0]LogConfig: Setting CVar [[r.MaxAnisotropy:8]]
[2020.01.14-19.35.34:641][  0]LogConfig: Setting CVar [[r.VT.MaxAnisotropy:8]]
[2020.01.14-19.35.34:641][  0]LogConfig: Setting CVar [[r.Streaming.LimitPoolSizeToVRAM:0]]
[2020.01.14-19.35.34:641][  0]LogConfig: Setting CVar [[r.Streaming.PoolSize:1000]]
[2020.01.14-19.35.34:641][  0]LogConfig: Setting CVar [[r.Streaming.MaxEffectiveScreenSize:0]]
[2020.01.14-19.35.34:641][  0]LogConfig: Applying CVar settings from Section [EffectsQuality@3] File [C:/Users/josie/Documents/GitHub/Unreal_Class/TP_Platformer/Saved/Config/Windows/Scalability.ini]
[2020.01.14-19.35.34:641][  0]LogConfig: Setting CVar [[r.TranslucencyLightingVolumeDim:64]]
[2020.01.14-19.35.34:641][  0]LogConfig: Setting CVar [[r.RefractionQuality:2]]
[2020.01.14-19.35.34:641][  0]LogConfig: Setting CVar [[r.SSR.Quality:3]]
[2020.01.14-19.35.34:641][  0]LogConfig: Setting CVar [[r.SSR.HalfResSceneColor:0]]
[2020.01.14-19.35.34:641][  0]LogConfig: Setting CVar [[r.SceneColorFormat:4]]
[2020.01.14-19.35.34:641][  0]LogConfig: Setting CVar [[r.DetailMode:2]]
[2020.01.14-19.35.34:641][  0]LogConfig: Setting CVar [[r.TranslucencyVolumeBlur:1]]
[2020.01.14-19.35.34:641][  0]LogConfig: Setting CVar [[r.MaterialQualityLevel:1 ; High quality]]
[2020.01.14-19.35.34:641][  0]LogConfig: Setting CVar [[r.SSS.Scale:1]]
[2020.01.14-19.35.34:641][  0]LogConfig: Setting CVar [[r.SSS.SampleSet:2]]
[2020.01.14-19.35.34:641][  0]LogConfig: Setting CVar [[r.SSS.Quality:1]]
[2020.01.14-19.35.34:641][  0]LogConfig: Setting CVar [[r.SSS.HalfRes:1]]
[2020.01.14-19.35.34:641][  0]LogConfig: Setting CVar [[r.SSGI.Quality:3]]
[2020.01.14-19.35.34:641][  0]LogConfig: Setting CVar [[r.EmitterSpawnRateScale:1.0]]
[2020.01.14-19.35.34:641][  0]LogConfig: Setting CVar [[r.ParticleLightQuality:2]]
[2020.01.14-19.35.34:641][  0]LogConfig: Setting CVar [[r.SkyAtmosphere.AerialPerspectiveLUT.FastApplyOnOpaque:1 ; Always have FastSkyLUT 1 in this case to avoid wrong sky]]
[2020.01.14-19.35.34:641][  0]LogConfig: Setting CVar [[r.SkyAtmosphere.AerialPerspectiveLUT.SampleCountPerSlice:1]]
[2020.01.14-19.35.34:641][  0]LogConfig: Setting CVar [[r.SkyAtmosphere.AerialPerspectiveLUT.DepthResolution:16.0]]
[2020.01.14-19.35.34:641][  0]LogConfig: Setting CVar [[r.SkyAtmosphere.FastSkyLUT:1]]
[2020.01.14-19.35.34:641][  0]LogConfig: Setting CVar [[r.SkyAtmosphere.FastSkyLUT.SampleCountMin:4.0]]
[2020.01.14-19.35.34:641][  0]LogConfig: Setting CVar [[r.SkyAtmosphere.FastSkyLUT.SampleCountMax:32.0]]
[2020.01.14-19.35.34:641][  0]LogConfig: Setting CVar [[r.SkyAtmosphere.SampleCountMin:4.0]]
[2020.01.14-19.35.34:641][  0]LogConfig: Setting CVar [[r.SkyAtmosphere.SampleCountMax:32.0]]
[2020.01.14-19.35.34:641][  0]LogConfig: Setting CVar [[r.SkyAtmosphere.TransmittanceLUT.UseSmallFormat:0]]
[2020.01.14-19.35.34:641][  0]LogConfig: Setting CVar [[r.SkyAtmosphere.TransmittanceLUT.SampleCount:10.0]]
[2020.01.14-19.35.34:641][  0]LogConfig: Setting CVar [[r.SkyAtmosphere.MultiScatteringLUT.SampleCount:15.0]]
[2020.01.14-19.35.34:641][  0]LogConfig: Applying CVar settings from Section [FoliageQuality@3] File [C:/Users/josie/Documents/GitHub/Unreal_Class/TP_Platformer/Saved/Config/Windows/Scalability.ini]
[2020.01.14-19.35.34:641][  0]LogConfig: Setting CVar [[foliage.DensityScale:1.0]]
[2020.01.14-19.35.34:641][  0]LogConfig: Setting CVar [[grass.DensityScale:1.0]]
[2020.01.14-19.35.34:641][  0]LogConfig: Applying CVar settings from Section [ShadingQuality@3] File [C:/Users/josie/Documents/GitHub/Unreal_Class/TP_Platformer/Saved/Config/Windows/Scalability.ini]
[2020.01.14-19.35.34:641][  0]LogConfig: Setting CVar [[r.HairStrands.SkyLighting.SampleCount:16]]
[2020.01.14-19.35.34:642][  0]LogConfig: Setting CVar [[r.HairStrands.SkyLighting.JitterIntegration:0]]
[2020.01.14-19.35.34:642][  0]LogConfig: Setting CVar [[r.HairStrands.SkyAO.SampleCount:16]]
[2020.01.14-19.35.34:642][  0]LogInit: Selected Device Profile: [Windows]
[2020.01.14-19.35.34:642][  0]LogInit: Applying CVar settings loaded from the selected device profile: [Windows]
[2020.01.14-19.35.34:644][  0]LogHAL: Display: Platform has ~ 16 GB [17023442944 / 17179869184 / 16], which maps to Larger [LargestMinGB=32, LargerMinGB=12, DefaultMinGB=8, SmallerMinGB=6, SmallestMinGB=0)
[2020.01.14-19.35.34:644][  0]LogInit: Going up to parent DeviceProfile []
[2020.01.14-19.35.34:644][  0]LogConfig: Applying CVar settings from Section [ViewDistanceQuality@2] File [C:/Users/josie/Documents/GitHub/Unreal_Class/TP_Platformer/Saved/Config/Windows/Scalability.ini]
[2020.01.14-19.35.34:644][  0]LogConfig: Setting CVar [[r.SkeletalMeshLODBias:0]]
[2020.01.14-19.35.34:644][  0]LogConfig: Setting CVar [[r.ViewDistanceScale:0.8]]
[2020.01.14-19.35.34:644][  0]LogConfig: Applying CVar settings from Section [AntiAliasingQuality@3] File [C:/Users/josie/Documents/GitHub/Unreal_Class/TP_Platformer/Saved/Config/Windows/Scalability.ini]
[2020.01.14-19.35.34:644][  0]LogConfig: Setting CVar [[r.PostProcessAAQuality:4]]
[2020.01.14-19.35.34:644][  0]LogConfig: Applying CVar settings from Section [ShadowQuality@2] File [C:/Users/josie/Documents/GitHub/Unreal_Class/TP_Platformer/Saved/Config/Windows/Scalability.ini]
[2020.01.14-19.35.34:644][  0]LogConfig: Setting CVar [[r.LightFunctionQuality:1]]
[2020.01.14-19.35.34:644][  0]LogConfig: Setting CVar [[r.ShadowQuality:5]]
[2020.01.14-19.35.34:644][  0]LogConfig: Setting CVar [[r.Shadow.CSM.MaxCascades:4]]
[2020.01.14-19.35.34:644][  0]LogConfig: Setting CVar [[r.Shadow.MaxResolution:1024]]
[2020.01.14-19.35.34:644][  0]LogConfig: Setting CVar [[r.Shadow.MaxCSMResolution:2048]]
[2020.01.14-19.35.34:644][  0]LogConfig: Setting CVar [[r.Shadow.RadiusThreshold:0.04]]
[2020.01.14-19.35.34:644][  0]LogConfig: Setting CVar [[r.Shadow.DistanceScale:0.85]]
[2020.01.14-19.35.34:644][  0]LogConfig: Setting CVar [[r.Shadow.CSM.TransitionScale:0.8]]
[2020.01.14-19.35.34:644][  0]LogConfig: Setting CVar [[r.Shadow.PreShadowResolutionFactor:0.5]]
[2020.01.14-19.35.34:644][  0]LogConfig: Setting CVar [[r.DistanceFieldShadowing:1]]
[2020.01.14-19.35.34:644][  0]LogConfig: Setting CVar [[r.DistanceFieldAO:1]]
[2020.01.14-19.35.34:644][  0]LogConfig: Setting CVar [[r.AOQuality:1]]
[2020.01.14-19.35.34:644][  0]LogConfig: Setting CVar [[r.VolumetricFog:1]]
[2020.01.14-19.35.34:644][  0]LogConfig: Setting CVar [[r.VolumetricFog.GridPixelSize:16]]
[2020.01.14-19.35.34:644][  0]LogConfig: Setting CVar [[r.VolumetricFog.GridSizeZ:64]]
[2020.01.14-19.35.34:644][  0]LogConfig: Setting CVar [[r.VolumetricFog.HistoryMissSupersampleCount:4]]
[2020.01.14-19.35.34:644][  0]LogConfig: Setting CVar [[r.LightMaxDrawDistanceScale:1]]
[2020.01.14-19.35.34:644][  0]LogConfig: Setting CVar [[r.CapsuleShadows:1]]
[2020.01.14-19.35.34:644][  0]LogConfig: Applying CVar settings from Section [PostProcessQuality@3] File [C:/Users/josie/Documents/GitHub/Unreal_Class/TP_Platformer/Saved/Config/Windows/Scalability.ini]
[2020.01.14-19.35.34:644][  0]LogConfig: Setting CVar [[r.MotionBlurQuality:4]]
[2020.01.14-19.35.34:644][  0]LogConfig: Setting CVar [[r.AmbientOcclusionMipLevelFactor:0.4]]
[2020.01.14-19.35.34:644][  0]LogConfig: Setting CVar [[r.AmbientOcclusionMaxQuality:100]]
[2020.01.14-19.35.34:644][  0]LogConfig: Setting CVar [[r.AmbientOcclusionLevels:-1]]
[2020.01.14-19.35.34:644][  0]LogConfig: Setting CVar [[r.AmbientOcclusionRadiusScale:1.0]]
[2020.01.14-19.35.34:644][  0]LogConfig: Setting CVar [[r.DepthOfFieldQuality:2]]
[2020.01.14-19.35.34:644][  0]LogConfig: Setting CVar [[r.RenderTargetPoolMin:400]]
[2020.01.14-19.35.34:644][  0]LogConfig: Setting CVar [[r.LensFlareQuality:2]]
[2020.01.14-19.35.34:644][  0]LogConfig: Setting CVar [[r.SceneColorFringeQuality:1]]
[2020.01.14-19.35.34:644][  0]LogConfig: Setting CVar [[r.EyeAdaptationQuality:2]]
[2020.01.14-19.35.34:644][  0]LogConfig: Setting CVar [[r.BloomQuality:5]]
[2020.01.14-19.35.34:644][  0]LogConfig: Setting CVar [[r.FastBlurThreshold:100]]
[2020.01.14-19.35.34:644][  0]LogConfig: Setting CVar [[r.Upscale.Quality:3]]
[2020.01.14-19.35.34:644][  0]LogConfig: Setting CVar [[r.Tonemapper.GrainQuantization:1]]
[2020.01.14-19.35.34:644][  0]LogConfig: Setting CVar [[r.LightShaftQuality:1]]
[2020.01.14-19.35.34:644][  0]LogConfig: Setting CVar [[r.Filter.SizeScale:1]]
[2020.01.14-19.35.34:644][  0]LogConfig: Setting CVar [[r.Tonemapper.Quality:5]]
[2020.01.14-19.35.34:644][  0]LogConfig: Setting CVar [[r.DOF.Gather.AccumulatorQuality:1        ; higher gathering accumulator quality]]
[2020.01.14-19.35.34:644][  0]LogConfig: Setting CVar [[r.DOF.Gather.PostfilterMethod:1          ; Median3x3 postfilering method]]
[2020.01.14-19.35.34:644][  0]LogConfig: Setting CVar [[r.DOF.Gather.EnableBokehSettings:0       ; no bokeh simulation when gathering]]
[2020.01.14-19.35.34:644][  0]LogConfig: Setting CVar [[r.DOF.Gather.RingCount:4                 ; medium number of samples when gathering]]
[2020.01.14-19.35.34:644][  0]LogConfig: Setting CVar [[r.DOF.Scatter.ForegroundCompositing:1    ; additive foreground scattering]]
[2020.01.14-19.35.34:644][  0]LogConfig: Setting CVar [[r.DOF.Scatter.BackgroundCompositing:2    ; additive background scattering]]
[2020.01.14-19.35.34:644][  0]LogConfig: Setting CVar [[r.DOF.Scatter.EnableBokehSettings:1      ; bokeh simulation when scattering]]
[2020.01.14-19.35.34:644][  0]LogConfig: Setting CVar [[r.DOF.Scatter.MaxSpriteRatio:0.1         ; only a maximum of 10% of scattered bokeh]]
[2020.01.14-19.35.34:644][  0]LogConfig: Setting CVar [[r.DOF.Recombine.Quality:1                ; cheap slight out of focus]]
[2020.01.14-19.35.34:644][  0]LogConfig: Setting CVar [[r.DOF.Recombine.EnableBokehSettings:0    ; no bokeh simulation on slight out of focus]]
[2020.01.14-19.35.34:644][  0]LogConfig: Setting CVar [[r.DOF.TemporalAAQuality:1                ; more stable temporal accumulation]]
[2020.01.14-19.35.34:644][  0]LogConfig: Setting CVar [[r.DOF.Kernel.MaxForegroundRadius:0.025]]
[2020.01.14-19.35.34:644][  0]LogConfig: Setting CVar [[r.DOF.Kernel.MaxBackgroundRadius:0.025]]
[2020.01.14-19.35.34:644][  0]LogConfig: Applying CVar settings from Section [TextureQuality@3] File [C:/Users/josie/Documents/GitHub/Unreal_Class/TP_Platformer/Saved/Config/Windows/Scalability.ini]
[2020.01.14-19.35.34:645][  0]LogConfig: Setting CVar [[r.Streaming.MipBias:0]]
[2020.01.14-19.35.34:645][  0]LogConfig: Setting CVar [[r.Streaming.AmortizeCPUToGPUCopy:0]]
[2020.01.14-19.35.34:645][  0]LogConfig: Setting CVar [[r.Streaming.MaxNumTexturesToStreamPerFrame:0]]
[2020.01.14-19.35.34:645][  0]LogConfig: Setting CVar [[r.Streaming.Boost:1]]
[2020.01.14-19.35.34:645][  0]LogConfig: Setting CVar [[r.MaxAnisotropy:8]]
[2020.01.14-19.35.34:645][  0]LogConfig: Setting CVar [[r.VT.MaxAnisotropy:8]]
[2020.01.14-19.35.34:645][  0]LogConfig: Setting CVar [[r.Streaming.LimitPoolSizeToVRAM:0]]
[2020.01.14-19.35.34:645][  0]LogConfig: Setting CVar [[r.Streaming.PoolSize:1000]]
[2020.01.14-19.35.34:645][  0]LogConfig: Setting CVar [[r.Streaming.MaxEffectiveScreenSize:0]]
[2020.01.14-19.35.34:645][  0]LogConfig: Applying CVar settings from Section [EffectsQuality@2] File [C:/Users/josie/Documents/GitHub/Unreal_Class/TP_Platformer/Saved/Config/Windows/Scalability.ini]
[2020.01.14-19.35.34:645][  0]LogConfig: Setting CVar [[r.TranslucencyLightingVolumeDim:48]]
[2020.01.14-19.35.34:645][  0]LogConfig: Setting CVar [[r.RefractionQuality:2]]
[2020.01.14-19.35.34:645][  0]LogConfig: Setting CVar [[r.SSR.Quality:2]]
[2020.01.14-19.35.34:645][  0]LogConfig: Setting CVar [[r.SSR.HalfResSceneColor:1]]
[2020.01.14-19.35.34:645][  0]LogConfig: Setting CVar [[r.SceneColorFormat:3]]
[2020.01.14-19.35.34:645][  0]LogConfig: Setting CVar [[r.DetailMode:1]]
[2020.01.14-19.35.34:645][  0]LogConfig: Setting CVar [[r.TranslucencyVolumeBlur:1]]
[2020.01.14-19.35.34:645][  0]LogConfig: Setting CVar [[r.MaterialQualityLevel:1 ; High quality]]
[2020.01.14-19.35.34:645][  0]LogConfig: Setting CVar [[r.SSS.Scale:1]]
[2020.01.14-19.35.34:645][  0]LogConfig: Setting CVar [[r.SSS.SampleSet:1]]
[2020.01.14-19.35.34:645][  0]LogConfig: Setting CVar [[r.SSS.Quality:-1]]
[2020.01.14-19.35.34:645][  0]LogConfig: Setting CVar [[r.SSS.HalfRes:1]]
[2020.01.14-19.35.34:645][  0]LogConfig: Setting CVar [[r.SSGI.Quality:2]]
[2020.01.14-19.35.34:645][  0]LogConfig: Setting CVar [[r.EmitterSpawnRateScale:0.5]]
[2020.01.14-19.35.34:645][  0]LogConfig: Setting CVar [[r.ParticleLightQuality:1]]
[2020.01.14-19.35.34:645][  0]LogConfig: Setting CVar [[r.SkyAtmosphere.AerialPerspectiveLUT.FastApplyOnOpaque:1 ; Always have FastSkyLUT 1 in this case to avoid wrong sky]]
[2020.01.14-19.35.34:645][  0]LogConfig: Setting CVar [[r.SkyAtmosphere.AerialPerspectiveLUT.SampleCountPerSlice:1]]
[2020.01.14-19.35.34:645][  0]LogConfig: Setting CVar [[r.SkyAtmosphere.AerialPerspectiveLUT.DepthResolution:16.0]]
[2020.01.14-19.35.34:645][  0]LogConfig: Setting CVar [[r.SkyAtmosphere.FastSkyLUT:1]]
[2020.01.14-19.35.34:645][  0]LogConfig: Setting CVar [[r.SkyAtmosphere.FastSkyLUT.SampleCountMin:4.0]]
[2020.01.14-19.35.34:645][  0]LogConfig: Setting CVar [[r.SkyAtmosphere.FastSkyLUT.SampleCountMax:32.0]]
[2020.01.14-19.35.34:645][  0]LogConfig: Setting CVar [[r.SkyAtmosphere.SampleCountMin:4.0]]
[2020.01.14-19.35.34:645][  0]LogConfig: Setting CVar [[r.SkyAtmosphere.SampleCountMax:32.0]]
[2020.01.14-19.35.34:645][  0]LogConfig: Setting CVar [[r.SkyAtmosphere.TransmittanceLUT.UseSmallFormat:0]]
[2020.01.14-19.35.34:645][  0]LogConfig: Setting CVar [[r.SkyAtmosphere.TransmittanceLUT.SampleCount:10.0]]
[2020.01.14-19.35.34:645][  0]LogConfig: Setting CVar [[r.SkyAtmosphere.MultiScatteringLUT.SampleCount:15.0]]
[2020.01.14-19.35.34:645][  0]LogConfig: Applying CVar settings from Section [FoliageQuality@3] File [C:/Users/josie/Documents/GitHub/Unreal_Class/TP_Platformer/Saved/Config/Windows/Scalability.ini]
[2020.01.14-19.35.34:645][  0]LogConfig: Setting CVar [[foliage.DensityScale:1.0]]
[2020.01.14-19.35.34:645][  0]LogConfig: Setting CVar [[grass.DensityScale:1.0]]
[2020.01.14-19.35.34:645][  0]LogConfig: Applying CVar settings from Section [ShadingQuality@3] File [C:/Users/josie/Documents/GitHub/Unreal_Class/TP_Platformer/Saved/Config/Windows/Scalability.ini]
[2020.01.14-19.35.34:645][  0]LogConfig: Setting CVar [[r.HairStrands.SkyLighting.SampleCount:16]]
[2020.01.14-19.35.34:645][  0]LogConfig: Setting CVar [[r.HairStrands.SkyLighting.JitterIntegration:0]]
[2020.01.14-19.35.34:645][  0]LogConfig: Setting CVar [[r.HairStrands.SkyAO.SampleCount:16]]
[2020.01.14-19.35.34:645][  0]LogConfig: Applying CVar settings from Section [Startup] File [../../../Engine/Config/ConsoleVariables.ini]
[2020.01.14-19.35.34:645][  0]LogConfig: Setting CVar [[net.UseAdaptiveNetUpdateFrequency:0]]
[2020.01.14-19.35.34:645][  0]LogConfig: Setting CVar [[p.chaos.AllowCreatePhysxBodies:1]]
[2020.01.14-19.35.34:645][  0]LogConfig: Applying CVar settings from Section [ConsoleVariables] File [C:/Users/josie/Documents/GitHub/Unreal_Class/TP_Platformer/Saved/Config/Windows/Engine.ini]
[2020.01.14-19.35.34:645][  0]LogInit: Computer: LAPTOP-CLTAVQN8
[2020.01.14-19.35.34:645][  0]LogInit: User: josie
[2020.01.14-19.35.34:645][  0]LogInit: CPU Page size=4096, Cores=6
[2020.01.14-19.35.34:645][  0]LogInit: High frequency timer resolution =10.000000 MHz
[2020.01.14-19.35.34:645][  0]LogMemory: Memory total: Physical=15.9GB (16GB approx)
[2020.01.14-19.35.34:645][  0]LogMemory: Platform Memory Stats for Windows
[2020.01.14-19.35.34:645][  0]LogMemory: Process Physical Memory: 110.74 MB used, 110.74 MB peak
[2020.01.14-19.35.34:645][  0]LogMemory: Process Virtual Memory: 105.82 MB used, 105.82 MB peak
[2020.01.14-19.35.34:645][  0]LogMemory: Physical Memory: 5833.75 MB used,  10401.07 MB free, 16234.82 MB total
[2020.01.14-19.35.34:645][  0]LogMemory: Virtual Memory: 5204.10 MB used,  134212520.00 MB free, 134217728.00 MB total
[2020.01.14-19.35.34:647][  0]LogWindows: WindowsPlatformFeatures enabled
[2020.01.14-19.35.34:666][  0]LogInit: Using OS detected language (en-US).
[2020.01.14-19.35.34:666][  0]LogInit: Using OS detected locale (en-US).
[2020.01.14-19.35.34:667][  0]LogTextLocalizationManager: No specific localization for 'en-US' exists, so the 'en' localization will be used.
[2020.01.14-19.35.34:794][  0]LogInit: Setting process to per monitor DPI aware
[2020.01.14-19.35.34:823][  0]LogSlate: New Slate User Created.  User Index 0, Is Virtual User: 0
[2020.01.14-19.35.34:823][  0]LogSlate: Slate User Registered.  User Index 0, Is Virtual User: 0
[2020.01.14-19.35.34:962][  0]LogHMD: Failed to initialize OpenVR with code 110
[2020.01.14-19.35.34:962][  0]LogD3D11RHI: D3D11 min allowed feature level: 11_0
[2020.01.14-19.35.34:962][  0]LogD3D11RHI: D3D11 max allowed feature level: 11_0
[2020.01.14-19.35.34:962][  0]LogD3D11RHI: D3D11 adapters:
[2020.01.14-19.35.35:942][  0]LogD3D11RHI:    0. 'NVIDIA GeForce GTX 1070 with Max-Q Design' (Feature Level 11_0)
[2020.01.14-19.35.35:942][  0]LogD3D11RHI:       8081/0/8117 MB DedicatedVideo/DedicatedSystem/SharedSystem, Outputs:1, VendorId:0x10de
[2020.01.14-19.35.35:958][  0]LogD3D11RHI:    1. 'Intel(R) UHD Graphics 630' (Feature Level 11_0)
[2020.01.14-19.35.35:958][  0]LogD3D11RHI:       128/0/8117 MB DedicatedVideo/DedicatedSystem/SharedSystem, Outputs:0, VendorId:0x8086
[2020.01.14-19.35.35:960][  0]LogD3D11RHI:    2. 'Microsoft Basic Render Driver' (Feature Level 11_0)
[2020.01.14-19.35.35:960][  0]LogD3D11RHI:       0/0/8117 MB DedicatedVideo/DedicatedSystem/SharedSystem, Outputs:0, VendorId:0x1414
[2020.01.14-19.35.35:960][  0]LogD3D11RHI: Chosen D3D11 Adapter: 0
[2020.01.14-19.35.35:991][  0]LogD3D11RHI: Creating new Direct3DDevice
[2020.01.14-19.35.35:991][  0]LogD3D11RHI:     GPU DeviceId: 0x1ba1 (for the marketing name, search the web for "GPU Device Id")
[2020.01.14-19.35.35:991][  0]LogWindows: EnumDisplayDevices:
[2020.01.14-19.35.35:991][  0]LogWindows:    0. 'Intel(R) UHD Graphics 630' (P:1 D:1)
[2020.01.14-19.35.35:991][  0]LogWindows:    1. 'Intel(R) UHD Graphics 630' (P:0 D:0)
[2020.01.14-19.35.35:992][  0]LogWindows:    2. 'Intel(R) UHD Graphics 630' (P:0 D:0)
[2020.01.14-19.35.35:992][  0]LogWindows:    3. 'NVIDIA GeForce GTX 1070 with Max-Q Design' (P:0 D:0)
[2020.01.14-19.35.35:992][  0]LogWindows:    4. 'NVIDIA GeForce GTX 1070 with Max-Q Design' (P:0 D:0)
[2020.01.14-19.35.35:992][  0]LogWindows:    5. 'NVIDIA GeForce GTX 1070 with Max-Q Design' (P:0 D:0)
[2020.01.14-19.35.35:993][  0]LogWindows:    6. 'NVIDIA GeForce GTX 1070 with Max-Q Design' (P:0 D:0)
[2020.01.14-19.35.35:993][  0]LogWindows: DebugString: PrimaryIsNotTheChoosenAdapter PrimaryIsNotTheChoosenAdapter PrimaryIsNotTheChoosenAdapter FoundDriverCount:4 
[2020.01.14-19.35.35:993][  0]LogD3D11RHI:     Adapter Name: NVIDIA GeForce GTX 1070 with Max-Q Design
[2020.01.14-19.35.35:993][  0]LogD3D11RHI:   Driver Version: 399.24 (internal:24.21.13.9924, unified:399.24)
[2020.01.14-19.35.35:993][  0]LogD3D11RHI:      Driver Date: 9-5-2018
[2020.01.14-19.35.35:993][  0]LogRHI: Texture pool is 5656 MB (70% of 8081 MB)
[2020.01.14-19.35.36:024][  0]LogD3D11RHI: RHI has support for 64 bit atomics
[2020.01.14-19.35.36:024][  0]LogD3D11RHI: Async texture creation enabled
[2020.01.14-19.35.36:041][  0]LogD3D11RHI: GPU Timing Frequency: 1000.000000 (Debug: 2 2)
[2020.01.14-19.35.36:270][  0]LogTargetPlatformManager: Display: Loaded TargetPlatform 'AllDesktop'
[2020.01.14-19.35.36:295][  0]LogTargetPlatformManager: Display: Loaded TargetPlatform 'Android'
[2020.01.14-19.35.36:295][  0]LogTargetPlatformManager: Display: Loaded TargetPlatform 'Android_ASTC'
[2020.01.14-19.35.36:295][  0]LogTargetPlatformManager: Display: Loaded TargetPlatform 'Android_ATC'
[2020.01.14-19.35.36:295][  0]LogTargetPlatformManager: Display: Loaded TargetPlatform 'Android_DXT'
[2020.01.14-19.35.36:295][  0]LogTargetPlatformManager: Display: Loaded TargetPlatform 'Android_ETC1'
[2020.01.14-19.35.36:295][  0]LogTargetPlatformManager: Display: Loaded TargetPlatform 'Android_ETC1a'
[2020.01.14-19.35.36:295][  0]LogTargetPlatformManager: Display: Loaded TargetPlatform 'Android_ETC2'
[2020.01.14-19.35.36:295][  0]LogTargetPlatformManager: Display: Loaded TargetPlatform 'Android_PVRTC'
[2020.01.14-19.35.36:295][  0]LogTargetPlatformManager: Display: Loaded TargetPlatform 'AndroidClient'
[2020.01.14-19.35.36:295][  0]LogTargetPlatformManager: Display: Loaded TargetPlatform 'Android_ASTCClient'
[2020.01.14-19.35.36:295][  0]LogTargetPlatformManager: Display: Loaded TargetPlatform 'Android_ATCClient'
[2020.01.14-19.35.36:295][  0]LogTargetPlatformManager: Display: Loaded TargetPlatform 'Android_DXTClient'
[2020.01.14-19.35.36:295][  0]LogTargetPlatformManager: Display: Loaded TargetPlatform 'Android_ETC1Client'
[2020.01.14-19.35.36:295][  0]LogTargetPlatformManager: Display: Loaded TargetPlatform 'Android_ETC1aClient'
[2020.01.14-19.35.36:295][  0]LogTargetPlatformManager: Display: Loaded TargetPlatform 'Android_ETC2Client'
[2020.01.14-19.35.36:295][  0]LogTargetPlatformManager: Display: Loaded TargetPlatform 'Android_PVRTCClient'
[2020.01.14-19.35.36:295][  0]LogTargetPlatformManager: Display: Loaded TargetPlatform 'Android_Multi'
[2020.01.14-19.35.36:296][  0]LogTargetPlatformManager: Display: Loaded TargetPlatform 'Android_MultiClient'
[2020.01.14-19.35.36:311][  0]LogTargetPlatformManager: Display: Loaded TargetPlatform 'IOSClient'
[2020.01.14-19.35.36:311][  0]LogTargetPlatformManager: Display: Loaded TargetPlatform 'IOS'
[2020.01.14-19.35.36:317][  0]LogTargetPlatformManager: Display: Loaded TargetPlatform 'LinuxNoEditor'
[2020.01.14-19.35.36:322][  0]LogTargetPlatformManager: Display: Loaded TargetPlatform 'LinuxClient'
[2020.01.14-19.35.36:328][  0]LogTargetPlatformManager: Display: Loaded TargetPlatform 'LinuxServer'
[2020.01.14-19.35.36:334][  0]LogTargetPlatformManager: Display: Loaded TargetPlatform 'LinuxAArch64NoEditor'
[2020.01.14-19.35.36:340][  0]LogTargetPlatformManager: Display: Loaded TargetPlatform 'LinuxAArch64Client'
[2020.01.14-19.35.36:346][  0]LogTargetPlatformManager: Display: Loaded TargetPlatform 'LinuxAArch64Server'
[2020.01.14-19.35.36:366][  0]LogTargetPlatformManager: Display: Loaded TargetPlatform 'Lumin'
[2020.01.14-19.35.36:366][  0]LogTargetPlatformManager: Display: Loaded TargetPlatform 'LuminClient'
[2020.01.14-19.35.36:377][  0]LogTargetPlatformManager: Display: Loaded TargetPlatform 'TVOSClient'
[2020.01.14-19.35.36:377][  0]LogTargetPlatformManager: Display: Loaded TargetPlatform 'TVOS'
[2020.01.14-19.35.36:383][  0]LogTargetPlatformManager: Display: Loaded TargetPlatform 'WindowsNoEditor'
[2020.01.14-19.35.36:389][  0]LogTargetPlatformManager: Display: Loaded TargetPlatform 'Windows'
[2020.01.14-19.35.36:395][  0]LogTargetPlatformManager: Display: Loaded TargetPlatform 'WindowsClient'
[2020.01.14-19.35.36:401][  0]LogTargetPlatformManager: Display: Loaded TargetPlatform 'WindowsServer'
[2020.01.14-19.35.36:401][  0]LogTargetPlatformManager: Display: Building Assets For Windows
[2020.01.14-19.35.36:403][  0]LogAudioDebug: Display: Lib vorbis DLL was dynamically loaded.
[2020.01.14-19.35.36:422][  0]LogShaderCompilers: Guid format shader working directory is -27 characters bigger than the processId version (../../../../../../Users/josie/Documents/GitHub/Unreal_Class/TP_Platformer/Intermediate/Shaders/WorkingDirectory/6528/).
[2020.01.14-19.35.36:422][  0]LogShaderCompilers: Cleaned the shader compiler working directory 'C:/Users/josie/AppData/Local/Temp/UnrealShaderWorkingDir/120A3C3F4B56D4C36DF162A4B34BCE49/'.
[2020.01.14-19.35.36:422][  0]LogXGEController: Cleaning working directory: C:/Users/josie/AppData/Local/Temp/UnrealXGEWorkingDir/
[2020.01.14-19.35.36:422][  0]LogXGEController: Cannot use XGE Controller as Incredibuild is not installed on this machine.
[2020.01.14-19.35.36:422][  0]LogShaderCompilers: Cannot use XGE Shader Compiler as Incredibuild is not installed on this machine.
[2020.01.14-19.35.36:422][  0]LogShaderCompilers: Display: Using Local Shader Compiler.
[2020.01.14-19.35.37:018][  0]LogDerivedDataCache: Display: Max Cache Size: 512 MB
[2020.01.14-19.35.37:062][  0]LogDerivedDataCache: Loaded boot cache 0.04s 81MB C:/Users/josie/AppData/Local/UnrealEngine/4.24/DerivedDataCache/Boot.ddc.
[2020.01.14-19.35.37:062][  0]LogDerivedDataCache: Display: Loaded Boot cache: C:/Users/josie/AppData/Local/UnrealEngine/4.24/DerivedDataCache/Boot.ddc
[2020.01.14-19.35.37:062][  0]LogDerivedDataCache: FDerivedDataBackendGraph:  Pak pak cache file ../../../../../../Users/josie/Documents/GitHub/Unreal_Class/TP_Platformer/DerivedDataCache/DDC.ddp not found, will not use a pak cache.
[2020.01.14-19.35.37:062][  0]LogDerivedDataCache: Unable to find inner node Pak for hierarchical cache Hierarchy.
[2020.01.14-19.35.37:062][  0]LogDerivedDataCache: FDerivedDataBackendGraph:  CompressedPak pak cache file ../../../../../../Users/josie/Documents/GitHub/Unreal_Class/TP_Platformer/DerivedDataCache/Compressed.ddp not found, will not use a pak cache.
[2020.01.14-19.35.37:062][  0]LogDerivedDataCache: Unable to find inner node CompressedPak for hierarchical cache Hierarchy.
[2020.01.14-19.35.37:071][  0]LogDerivedDataCache: Display: Pak cache opened for reading ../../../Engine/DerivedDataCache/Compressed.ddp.
[2020.01.14-19.35.37:071][  0]LogDerivedDataCache: FDerivedDataBackendGraph:  EnterprisePak pak cache file ../../../Enterprise/DerivedDataCache/Compressed.ddp not found, will not use a pak cache.
[2020.01.14-19.35.37:071][  0]LogDerivedDataCache: Unable to find inner node EnterprisePak for hierarchical cache Hierarchy.
[2020.01.14-19.35.37:072][  0]LogDerivedDataCache: Using Local data cache path C:/Users/josie/AppData/Local/UnrealEngine/Common/DerivedDataCache: Writable
[2020.01.14-19.35.37:072][  0]LogDerivedDataCache: Shared data cache path not found in *engine.ini, will not use an Shared cache.
[2020.01.14-19.35.37:072][  0]LogDerivedDataCache: Unable to find inner node Shared for hierarchical cache Hierarchy.
[2020.01.14-19.35.37:094][  0]LogMaterial: Verifying Global Shaders for PCD3D_SM5
[2020.01.14-19.35.37:096][  0]LogSlate: Using FreeType 2.10.0
[2020.01.14-19.35.37:097][  0]LogSlate: SlateFontServices - WITH_FREETYPE: 1, WITH_HARFBUZZ: 1
[2020.01.14-19.35.37:137][  0]LogAssetRegistry: FAssetRegistry took 0.0021 seconds to start up
[2020.01.14-19.35.37:374][  0]LogInit: Selected Device Profile: [Windows]
[2020.01.14-19.35.37:501][  0]LogMeshReduction: Using QuadricMeshReduction for automatic static mesh reduction
[2020.01.14-19.35.37:501][  0]LogMeshReduction: Using SimplygonMeshReduction for automatic skeletal mesh reduction
[2020.01.14-19.35.37:502][  0]LogMeshReduction: Using ProxyLODMeshReduction for automatic mesh merging
[2020.01.14-19.35.37:502][  0]LogMeshReduction: No distributed automatic mesh merging module available
[2020.01.14-19.35.37:502][  0]LogMeshMerging: No distributed automatic mesh merging module available
[2020.01.14-19.35.37:511][  0]LogNetVersion: TP_Platformer 1.0.0, NetCL: 10570792, EngineNetVer: 13, GameNetVer: 0 (Checksum: 3029111648)
[2020.01.14-19.35.38:330][  0]LogPackageLocalizationCache: Processed 10 localized package path(s) for 1 prioritized culture(s) in 0.034432 seconds
[2020.01.14-19.35.38:335][  0]LogUObjectArray: 46751 objects as part of root set at end of initial load.
[2020.01.14-19.35.38:335][  0]LogUObjectAllocator: 8137384 out of 0 bytes used by permanent object pool.
[2020.01.14-19.35.38:335][  0]LogUObjectArray: CloseDisregardForGC: 0/0 objects in disregard for GC pool
[2020.01.14-19.35.38:650][  0]LogTcpMessaging: Initializing TcpMessaging bridge
[2020.01.14-19.35.38:652][  0]LogUdpMessaging: Initializing bridge on interface 0.0.0.0:0 to multicast group 230.0.0.1:6666.
[2020.01.14-19.35.38:690][  0]SourceControl: Source control is disabled
[2020.01.14-19.35.38:690][  0]SourceControl: Source control is disabled
[2020.01.14-19.35.38:691][  0]SourceControl: Source control is disabled
[2020.01.14-19.35.38:691][  0]SourceControl: Source control is disabled
[2020.01.14-19.35.38:692][  0]SourceControl: Source control is disabled
[2020.01.14-19.35.38:698][  0]LogVSAccessor: Display: Unable to create Visual Studio setup instance: 80040154
[2020.01.14-19.35.38:698][  0]LogVSAccessor: Display: Unable to create Visual Studio setup instance: 80040154
[2020.01.14-19.35.38:753][  0]LogAndroidPermission: UAndroidPermissionCallbackProxy::GetInstance
[2020.01.14-19.35.38:760][  0]LogAudioCaptureCore: Display: No Audio Capture implementations found. Audio input will be silent.
[2020.01.14-19.35.38:760][  0]LogAudioCaptureCore: Display: No Audio Capture implementations found. Audio input will be silent.
[2020.01.14-19.35.38:828][  0]LogOcInput: OculusInput pre-init called
[2020.01.14-19.35.39:336][  0]LogEngine: Initializing Engine...
[2020.01.14-19.35.39:337][  0]LogHMD: Failed to initialize OpenVR with code 110
[2020.01.14-19.35.39:338][  0]LogStats: UGameplayTagsManager::InitializeManager -  0.000 s
[2020.01.14-19.35.39:606][  0]LogInit: Initializing FReadOnlyCVARCache
[2020.01.14-19.35.39:611][  0]LogAIModule: Creating AISystem for world Untitled
[2020.01.14-19.35.39:618][  0]LogAudioMixer: Display: Audio Mixer Platform Settings:
[2020.01.14-19.35.39:618][  0]LogAudioMixer: Display: 	Sample Rate:						  48000
[2020.01.14-19.35.39:618][  0]LogAudioMixer: Display: 	Callback Buffer Frame Size Requested: 1024
[2020.01.14-19.35.39:618][  0]LogAudioMixer: Display: 	Callback Buffer Frame Size To Use:	  1024
[2020.01.14-19.35.39:618][  0]LogAudioMixer: Display: 	Number of buffers to queue:			  2
[2020.01.14-19.35.39:618][  0]LogAudioMixer: Display: 	Max Channels (voices):				  32
[2020.01.14-19.35.39:618][  0]LogAudioMixer: Display: 	Number of Async Source Workers:		  0
[2020.01.14-19.35.39:618][  0]LogAudio: Display: AudioDevice MaxSources: 32
[2020.01.14-19.35.39:618][  0]LogAudio: Display: Using built-in audio occlusion.
[2020.01.14-19.35.39:618][  0]LogAudioMixer: Display: Initializing audio mixer.
[2020.01.14-19.35.39:634][  0]LogAudioMixer: Display: Audio Device Output Speaker Info:
[2020.01.14-19.35.39:634][  0]LogAudioMixer: Display: Name: Speakers (Realtek(R) Audio)
[2020.01.14-19.35.39:634][  0]LogAudioMixer: Display: Is Default: Yes
[2020.01.14-19.35.39:634][  0]LogAudioMixer: Display: Sample Rate: 48000
[2020.01.14-19.35.39:634][  0]LogAudioMixer: Display: Channel Count Used: 2
[2020.01.14-19.35.39:634][  0]LogAudioMixer: Display: Device Channel Count: 2
[2020.01.14-19.35.39:634][  0]LogAudioMixer: Display: Channel Order:
[2020.01.14-19.35.39:634][  0]LogAudioMixer: Display: 0: FrontLeft
[2020.01.14-19.35.39:634][  0]LogAudioMixer: Display: 1: FrontRight
[2020.01.14-19.35.39:808][  0]LogAudioMixer: Display: Using Audio Device Speakers (Realtek(R) Audio)
[2020.01.14-19.35.39:812][  0]LogInit: FAudioDevice initialized.
[2020.01.14-19.35.39:812][  0]LogNetVersion: Set ProjectVersion to 1.0.0.0. Version Checksum will be recalculated on next use.
[2020.01.14-19.35.39:859][  0]LogDerivedDataCache: Saved boot cache 0.05s 81MB C:/Users/josie/AppData/Local/UnrealEngine/4.24/DerivedDataCache/Boot.ddc.
[2020.01.14-19.35.39:863][  0]LogInit: Texture streaming: Enabled
[2020.01.14-19.35.39:870][  0]LogEngineSessionManager: EngineSessionManager initialized
[2020.01.14-19.35.39:870][  0]LogEditorSessionSummary: Verbose: Initializing EditorSessionSummaryWriter for editor session tracking
[2020.01.14-19.35.39:871][  0]LogEditorSessionSummary: EditorSessionSummaryWriter initialized
[2020.01.14-19.35.39:918][  0]LogInit: Transaction tracking system initialized
[2020.01.14-19.35.39:926][  0]BlueprintLog: New page: Editor Load
[2020.01.14-19.35.39:947][  0]LocalizationService: Localization service is disabled
[2020.01.14-19.35.39:987][  0]LogVSAccessor: Display: Unable to create Visual Studio setup instance: 80040154
[2020.01.14-19.35.39:988][  0]LogVSAccessor: Display: Unable to create Visual Studio setup instance: 80040154
[2020.01.14-19.35.40:166][  0]LogCook: Display: Max memory allowance for cook 16384mb min free memory 0mb
[2020.01.14-19.35.40:166][  0]LogCook: Display: Mobile HDR setting 1
[2020.01.14-19.35.40:229][  0]LogFileCache: Scanning file cache for directory 'C:/Users/josie/Documents/GitHub/Unreal_Class/TP_Platformer/Content/' took 0.02s
[2020.01.14-19.35.40:682][  0]SourceControl: Source control is disabled
[2020.01.14-19.35.40:683][  0]Cmd: MAP LOAD FILE="../../../../../../Users/josie/Documents/GitHub/Unreal_Class/TP_Platformer/Content/ThirdPersonBP/Maps/ThirdPersonExampleMap.umap" TEMPLATE=0 SHOWPROGRESS=1 FEATURELEVEL=3
[2020.01.14-19.35.40:683][  0]LightingResults: New page: Lighting Build
[2020.01.14-19.35.40:683][  0]LogWorld: UWorld::CleanupWorld for Untitled, bSessionEnded=true, bCleanupResources=true
[2020.01.14-19.35.40:683][  0]LogSlate: InvalidateAllWidgets triggered.  All widgets were invalidated
[2020.01.14-19.35.40:683][  0]MapCheck: New page: Map Check
[2020.01.14-19.35.40:683][  0]LightingResults: New page: Lighting Build
[2020.01.14-19.35.40:711][  0]LogUObjectHash: Compacting FUObjectHashTables data took   1.39ms
[2020.01.14-19.35.41:190][  0]LogAIModule: Creating AISystem for world ThirdPersonExampleMap
[2020.01.14-19.35.41:203][  0]LogEditorServer: Finished looking for orphan Actors (0.000 secs)
[2020.01.14-19.35.41:231][  0]LogUObjectHash: Compacting FUObjectHashTables data took   2.04ms
[2020.01.14-19.35.41:232][  0]Cmd: MAP CHECKDEP NOCLEARLOG
[2020.01.14-19.35.41:232][  0]MapCheck: Map check complete: 0 Error(s), 0 Warning(s), took 0.144ms to complete.
[2020.01.14-19.35.41:232][  0]LogFileHelpers: Loading map 'ThirdPersonExampleMap' took 0.550
[2020.01.14-19.35.41:326][  0]LogSlate: Updating window title bar state: overlay mode, drag disabled, window buttons hidden, title bar hidden
[2020.01.14-19.35.41:332][  0]LogSlate: Updating window title bar state: overlay mode, drag disabled, window buttons hidden, title bar hidden
[2020.01.14-19.35.41:337][  0]LogSlate: Updating window title bar state: overlay mode, drag disabled, window buttons hidden, title bar hidden
[2020.01.14-19.35.41:342][  0]LogSlate: Updating window title bar state: overlay mode, drag disabled, window buttons hidden, title bar hidden
[2020.01.14-19.35.41:350][  0]LogCollectionManager: Loaded 0 collections in 0.001402 seconds
[2020.01.14-19.35.41:362][  0]LogFileCache: Scanning file cache for directory 'C:/Users/josie/Documents/GitHub/Unreal_Class/TP_Platformer/Saved/Collections/' took 0.00s
[2020.01.14-19.35.41:362][  0]LogFileCache: Scanning file cache for directory 'C:/Users/josie/Documents/GitHub/Unreal_Class/TP_Platformer/Content/Developers/josie/Collections/' took 0.00s
[2020.01.14-19.35.41:362][  0]LogFileCache: Scanning file cache for directory 'C:/Users/josie/Documents/GitHub/Unreal_Class/TP_Platformer/Content/Collections/' took 0.00s
[2020.01.14-19.35.41:362][  0]LogContentBrowser: Native class hierarchy populated in 0.0068 seconds. Added 3017 classes and 720 folders.
[2020.01.14-19.35.41:364][  0]LogContentBrowser: Native class hierarchy updated for 'WidgetCarousel' in 0.0002 seconds. Added 0 classes and 0 folders.
[2020.01.14-19.35.41:403][  0]LogContentBrowser: Native class hierarchy updated for 'AddContentDialog' in 0.0002 seconds. Added 0 classes and 0 folders.
[2020.01.14-19.35.41:515][  0]LogSlate: Took 0.000131 seconds to synchronously load lazily loaded font '../../../Engine/Content/Slate/Fonts/Roboto-Regular.ttf' (155K)
[2020.01.14-19.35.41:518][  0]LogSlate: Took 0.000157 seconds to synchronously load lazily loaded font '../../../Engine/Content/Slate/Fonts/Roboto-Bold.ttf' (160K)
[2020.01.14-19.35.41:521][  0]LogSlate: Took 0.000136 seconds to synchronously load lazily loaded font '../../../Engine/Content/Editor/Slate/Fonts/FontAwesome.ttf' (139K)
[2020.01.14-19.35.41:581][  0]LogRenderer: Reallocating scene render targets to support 776x484 Format 9 NumSamples 1 (Frame:1).
[2020.01.14-19.35.41:672][  0]LogContentBrowser: Native class hierarchy updated for 'HierarchicalLODOutliner' in 0.0002 seconds. Added 0 classes and 0 folders.
[2020.01.14-19.35.41:672][  0]LogLoad: (Engine Initialization) Total time: 8.74 seconds
[2020.01.14-19.35.41:672][  0]LogLoad: (Engine Initialization) Total Blueprint compile time: 0.00 seconds
[2020.01.14-19.35.41:730][  0]LogContentStreaming: Texture pool size now 1000 MB
[2020.01.14-19.35.41:749][  0]LogSlate: Took 0.000146 seconds to synchronously load lazily loaded font '../../../Engine/Content/Slate/Fonts/Roboto-Light.ttf' (167K)
[2020.01.14-19.35.41:765][  1]LogAssetRegistry: Asset discovery search completed in 4.6287 seconds
[2020.01.14-19.35.41:769][  1]LogCollectionManager: Fixed up redirectors for 0 collections in 0.000007 seconds (updated 0 objects)
[2020.01.14-19.35.43:890][251]LogSlate: Window 'Message Log' being destroyed
[2020.01.14-19.35.43:894][251]LogSlate: Window 'Message Log' being destroyed
[2020.01.14-19.36.35:514][661]LogSlate: Took 0.000114 seconds to synchronously load lazily loaded font '../../../Engine/Content/Slate/Fonts/Roboto-Light.ttf' (167K)
[2020.01.14-19.36.35:526][661]LogAssetEditorSubsystem: Opening Asset editor for Blueprint /Game/ThirdPersonBP/Blueprints/ThirdPersonCharacter.ThirdPersonCharacter
[2020.01.14-19.36.35:668][661]LogContentBrowser: Native class hierarchy updated for 'BlueprintGraph' in 0.0004 seconds. Added 121 classes and 0 folders.
[2020.01.14-19.36.36:365][661]LogSlate: Took 0.000172 seconds to synchronously load lazily loaded font '../../../Engine/Content/Slate/Fonts/Roboto-BoldCondensed.ttf' (158K)
[2020.01.14-19.36.37:656][780]LogSlate: Took 0.007759 seconds to synchronously load lazily loaded font '../../../Engine/Content/Slate/Fonts/Roboto-Italic.ttf' (157K)
[2020.01.14-19.38.36:080][177]LogAssetEditorSubsystem: Opening Asset editor for SkeletalMesh /Game/InfinityBladeWarriors/Character/CompleteCharacters/SK_CharM_Tusk.SK_CharM_Tusk
[2020.01.14-19.38.36:083][177]LogContentBrowser: Native class hierarchy updated for 'SkeletonEditor' in 0.0002 seconds. Added 1 classes and 2 folders.
[2020.01.14-19.38.36:229][177]LogActorComponent: RegisterComponentWithWorld: (/Engine/Transient.World_3:PersistentLevel.AnimationEditorPreviewActor_0.DebugSkelMeshComponent_0) Already registered. Aborting.
[2020.01.14-19.38.36:230][177]LogContentBrowser: Native class hierarchy updated for 'PinnedCommandList' in 0.0002 seconds. Added 1 classes and 0 folders.
[2020.01.14-19.38.36:735][178]LogRenderer: Reallocating scene render targets to support 776x584 Format 9 NumSamples 1 (Frame:1).
[2020.01.14-19.38.58:704][567]LogContentBrowser: Verbose: The majority of assets in the view are of type: Skeleton
[2020.01.14-19.39.32:767][567]LogSlate: Window 'Choose Skeleton' being destroyed
[2020.01.14-19.39.37:345][100]LogAssetEditorSubsystem: Opening Asset editor for SkeletalMesh /Game/InfinityBladeWarriors/Character/CompleteCharacters/SK_CharM_Warrior.SK_CharM_Warrior
[2020.01.14-19.39.37:349][100]LogActorComponent: RegisterComponentWithWorld: (/Engine/Transient.World_5:PersistentLevel.AnimationEditorPreviewActor_0.DebugSkelMeshComponent_0) Already registered. Aborting.
[2020.01.14-19.39.42:713][629]LogContentBrowser: Verbose: The majority of assets in the view are of type: Skeleton
[2020.01.14-19.39.50:279][629]LogSlate: Window 'Choose Skeleton' being destroyed
[2020.01.14-19.39.56:816][375]LogSlate: Prevented a slow task dialog from being summoned while a context menu was open
[2020.01.14-19.39.57:032][375]LogTexture: Display: Building textures: T_CharM_Base_M (AutoDXT, 1024X1024)
[2020.01.14-19.39.57:032][375]LogTexture: Display: Building textures: T_CharM_Base_D (DXT1, 1024X1024)
[2020.01.14-19.39.57:032][375]LogTexture: Display: Building textures: T_CharM_Base_N (BC5, 1024X1024)
[2020.01.14-19.39.57:032][375]LogMaterial: Display: Missing cached shader map for material M_CharM_Base, compiling. 
[2020.01.14-19.39.57:080][375]LogSkeletalMesh: Building Skeletal Mesh sk_CharM_Base...
[2020.01.14-19.39.57:084][375]LogSkeletalMesh: Built Skeletal Mesh [0.00s] /Game/InfinityBladeWarriors/Character/CompleteCharacters/sk_CharM_Base.sk_CharM_Base
[2020.01.14-19.39.58:080][375]LogShaderCompilers: Display: Worker (1/9): shaders left to compile 39
[2020.01.14-19.39.58:080][375]LogShaderCompilers: Display: Worker (2/9): shaders left to compile 34
[2020.01.14-19.39.58:080][375]LogShaderCompilers: Display: Worker (3/9): shaders left to compile 29
[2020.01.14-19.39.58:080][375]LogShaderCompilers: Display: Worker (4/9): shaders left to compile 24
[2020.01.14-19.39.58:080][375]LogShaderCompilers: Display: Worker (5/9): shaders left to compile 19
[2020.01.14-19.39.58:080][375]LogShaderCompilers: Display: Worker (6/9): shaders left to compile 14
[2020.01.14-19.39.58:080][375]LogShaderCompilers: Display: Worker (7/9): shaders left to compile 9
[2020.01.14-19.39.58:080][375]LogShaderCompilers: Display: Worker (8/9): shaders left to compile 4
[2020.01.14-19.39.58:080][375]LogTexture: Display: Building textures: T_CharM_Bladed_MetalMask1 (AutoDXT, 2048X2048)
[2020.01.14-19.39.58:080][375]LogTexture: Display: Building textures: T_CharM_Bladed_D (DXT1, 2048X2048)
[2020.01.14-19.39.58:080][375]LogTexture: Display: Building textures: T_CharM_Bladed_N (BC5, 2048X2048)
[2020.01.14-19.39.58:080][375]LogMaterial: Display: Missing cached shader map for material M_CharM_Bladed, compiling. 
[2020.01.14-19.39.58:112][375]LogSkeletalMesh: Building Skeletal Mesh SK_CharM_Bladed...
[2020.01.14-19.39.58:125][375]LogSkeletalMesh: Built Skeletal Mesh [0.01s] /Game/InfinityBladeWarriors/Character/CompleteCharacters/SK_CharM_Bladed.SK_CharM_Bladed
[2020.01.14-19.39.59:301][375]LogTexture: Display: Building textures: Char_M_Cardboard_Skin_Mask (AutoDXT, 2048X2048)
[2020.01.14-19.39.59:301][375]LogTexture: Display: Building textures: Char_M_Cardboard_N (BC5, 2048X2048)
[2020.01.14-19.39.59:301][375]LogTexture: Display: Building textures: Char_M_Cardboard_D (DXT1, 2048X2048)
[2020.01.14-19.39.59:301][375]LogMaterial: Display: Missing cached shader map for material M_Char_Cardboard, compiling. 
[2020.01.14-19.39.59:344][375]LogSkeletalMesh: Building Skeletal Mesh SK_CharM_Cardboard...
[2020.01.14-19.39.59:355][375]LogSkeletalMesh: Built Skeletal Mesh [0.01s] /Game/InfinityBladeWarriors/Character/CompleteCharacters/SK_CharM_Cardboard.SK_CharM_Cardboard
[2020.01.14-19.40.00:462][375]LogTexture: Display: Building textures: CharM_Forge_MetalMask (AutoDXT, 2048X2048)
[2020.01.14-19.40.00:462][375]LogTexture: Display: Building textures: CharM_Forge_N (BC5, 2048X2048)
[2020.01.14-19.40.00:462][375]LogTexture: Display: Building textures: CharM_Forge_D (DXT1, 2048X2048)
[2020.01.14-19.40.00:462][375]LogShaderCompilers: Display: Worker (4/9): shaders left to compile 78
[2020.01.14-19.40.00:462][375]LogShaderCompilers: Display: Worker (8/9): shaders left to compile 68
[2020.01.14-19.40.00:462][375]LogMaterial: Display: Missing cached shader map for material M_Char_Forge, compiling. 
[2020.01.14-19.40.00:501][375]LogSkeletalMesh: Building Skeletal Mesh SK_CharM_Forge...
[2020.01.14-19.40.00:508][375]LogSkeletalMesh: Built Skeletal Mesh [0.01s] /Game/InfinityBladeWarriors/Character/CompleteCharacters/SK_CharM_Forge.SK_CharM_Forge
[2020.01.14-19.40.02:124][375]LogTexture: Display: Building textures: T_Char_M_FrostGiant_Masks (AutoDXT, 2048X2048)
[2020.01.14-19.40.02:124][375]LogTexture: Display: Building textures: T_Char_M_FrostGiant_MaterialMask (AutoDXT, 2048X2048)
[2020.01.14-19.40.02:124][375]LogTexture: Display: Building textures: T_Char_M_FrostGiant_N (BC5, 2048X2048)
[2020.01.14-19.40.02:124][375]LogTexture: Display: Building textures: T_Char_M_FrostGiant_D (DXT1, 2048X2048)
[2020.01.14-19.40.02:124][375]LogShaderCompilers: Display: Worker (5/9): shaders left to compile 98
[2020.01.14-19.40.02:124][375]LogShaderCompilers: Display: Worker (6/9): shaders left to compile 88
[2020.01.14-19.40.02:124][375]LogShaderCompilers: Display: Worker (3/9): shaders left to compile 78
[2020.01.14-19.40.02:124][375]LogMaterial: Display: Missing cached shader map for material M_Char_FrostGiant, compiling. 
[2020.01.14-19.40.02:175][375]LogSkeletalMesh: Building Skeletal Mesh SK_CharM_FrostGiant...
[2020.01.14-19.40.02:188][375]LogSkeletalMesh: Built Skeletal Mesh [0.01s] /Game/InfinityBladeWarriors/Character/CompleteCharacters/SK_CharM_FrostGiant.SK_CharM_FrostGiant
[2020.01.14-19.40.03:193][375]LogTexture: Display: Building textures: T_CharM_Golden_Mask (AutoDXT, 2048X2048)
[2020.01.14-19.40.03:194][375]LogTexture: Display: Building textures: T_CharM_Golden_N (BC5, 2048X2048)
[2020.01.14-19.40.03:194][375]LogTexture: Display: Building textures: T_CharM_Golden_D (DXT1, 2048X2048)
[2020.01.14-19.40.03:194][375]LogShaderCompilers: Display: Worker (2/9): shaders left to compile 107
[2020.01.14-19.40.03:194][375]LogMaterial: Display: Missing cached shader map for material M_Char_Golden, compiling. 
[2020.01.14-19.40.03:231][375]LogSkeletalMesh: Building Skeletal Mesh SK_CharM_Golden...
[2020.01.14-19.40.03:239][375]LogSkeletalMesh: Built Skeletal Mesh [0.01s] /Game/InfinityBladeWarriors/Character/CompleteCharacters/SK_CharM_Golden.SK_CharM_Golden
[2020.01.14-19.40.04:775][375]LogShaderCompilers: Display: Worker (1/9): shaders left to compile 136
[2020.01.14-19.40.04:775][375]LogTexture: Display: Building textures: T_CharM_Pit_Mask (AutoDXT, 2048X2048)
[2020.01.14-19.40.04:775][375]LogShaderCompilers: Display: Worker (7/9): shaders left to compile 126
[2020.01.14-19.40.04:775][375]LogTexture: Display: Building textures: T_CharM_Pit_N (BC5, 2048X2048)
[2020.01.14-19.40.04:775][375]LogTexture: Display: Building textures: T_CharM_Pit_D (DXT1, 2048X2048)
[2020.01.14-19.40.04:775][375]LogMaterial: Display: Missing cached shader map for material M_Char_Pit, compiling. 
[2020.01.14-19.40.04:811][375]LogSkeletalMesh: Building Skeletal Mesh SK_CharM_Pit...
[2020.01.14-19.40.04:817][375]LogSkeletalMesh: Built Skeletal Mesh [0.01s] /Game/InfinityBladeWarriors/Character/CompleteCharacters/SK_CharM_Pit.SK_CharM_Pit
[2020.01.14-19.40.05:907][375]LogTexture: Display: Building textures: T_CharM_Ragged_Elite_Mask (AutoDXT, 2048X2048)
[2020.01.14-19.40.05:907][375]LogTexture: Display: Building textures: T_CharM_Ragged_N (BC5, 2048X2048)
[2020.01.14-19.40.05:907][375]LogTexture: Display: Building textures: T_CharM_Ragged_D (DXT1, 2048X2048)
[2020.01.14-19.40.05:907][375]LogMaterial: Display: Missing cached shader map for material M_Char_Ragged, compiling. 
[2020.01.14-19.40.05:944][375]LogSkeletalMesh: Building Skeletal Mesh SK_CharM_Ragged0...
[2020.01.14-19.40.05:949][375]LogSkeletalMesh: Built Skeletal Mesh [0.01s] /Game/InfinityBladeWarriors/Character/CompleteCharacters/SK_CharM_Ragged0.SK_CharM_Ragged0
[2020.01.14-19.40.07:587][375]LogTexture: Display: Building textures: T_CharM_Ragged_Elite (DXT1, 2048X2048)
[2020.01.14-19.40.07:587][375]LogShaderCompilers: Display: Worker (8/9): shaders left to compile 194
[2020.01.14-19.40.07:587][375]LogMaterial: Display: Missing cached shader map for material M_Char_RaggedElite, compiling. 
[2020.01.14-19.40.07:639][375]LogSkeletalMesh: Building Skeletal Mesh SK_CharM_RaggedElite...
[2020.01.14-19.40.07:646][375]LogSkeletalMesh: Built Skeletal Mesh [0.01s] /Game/InfinityBladeWarriors/Character/CompleteCharacters/SK_CharM_RaggedElite.SK_CharM_RaggedElite
[2020.01.14-19.40.09:362][375]LogTexture: Display: Building textures: T_CharM_Ram_B_Mask (AutoDXT, 2048X2048)
[2020.01.14-19.40.09:362][375]LogTexture: Display: Building textures: T_CharM_Ram_N (BC5, 2048X2048)
[2020.01.14-19.40.09:362][375]LogTexture: Display: Building textures: T_CharM_Ram_B_D (DXT1, 2048X2048)
[2020.01.14-19.40.09:362][375]LogShaderCompilers: Display: Worker (2/9): shaders left to compile 238
[2020.01.14-19.40.09:362][375]LogShaderCompilers: Display: Worker (7/9): shaders left to compile 228
[2020.01.14-19.40.09:362][375]LogShaderCompilers: Display: Worker (6/9): shaders left to compile 218
[2020.01.14-19.40.09:362][375]LogMaterial: Display: Missing cached shader map for material M_Char_Ram, compiling. 
[2020.01.14-19.40.09:400][375]LogSkeletalMesh: Building Skeletal Mesh SK_CharM_Ram...
[2020.01.14-19.40.09:406][375]LogSkeletalMesh: Built Skeletal Mesh [0.01s] /Game/InfinityBladeWarriors/Character/CompleteCharacters/SK_CharM_Ram.SK_CharM_Ram
[2020.01.14-19.40.10:716][375]LogTexture: Display: Building textures: T_CharM_Robo_Mask (AutoDXT, 2048X2048)
[2020.01.14-19.40.10:717][375]LogShaderCompilers: Display: Worker (5/9): shaders left to compile 247
[2020.01.14-19.40.10:717][375]LogTexture: Display: Building textures: T_CharM_Robo_D (AutoDXT, 2048X2048)
[2020.01.14-19.40.10:717][375]LogTexture: Display: Building textures: T_CharM_Robo_N (BC5, 2048X2048)
[2020.01.14-19.40.10:717][375]LogMaterial: Display: Missing cached shader map for material M_Char_Robo, compiling. 
[2020.01.14-19.40.10:754][375]LogSkeletalMesh: Building Skeletal Mesh SK_CharM_Robo...
[2020.01.14-19.40.10:765][375]LogSkeletalMesh: Built Skeletal Mesh [0.01s] /Game/InfinityBladeWarriors/Character/CompleteCharacters/SK_CharM_Robo.SK_CharM_Robo
[2020.01.14-19.40.11:985][375]LogTexture: Display: Building textures: T_CharM_Shell_Mask (DXT1, 2048X2048)
[2020.01.14-19.40.11:985][375]LogShaderCompilers: Display: Worker (1/9): shaders left to compile 276
[2020.01.14-19.40.11:985][375]LogTexture: Display: Building textures: T_CharM_Shell_D (DXT1, 2048X2048)
[2020.01.14-19.40.11:985][375]LogTexture: Display: Building textures: T_CharM_Shell_N (BC5, 2048X2048)
[2020.01.14-19.40.11:985][375]LogMaterial: Display: Missing cached shader map for material M_Char_Shell, compiling. 
[2020.01.14-19.40.12:023][375]LogSkeletalMesh: Building Skeletal Mesh SK_CharM_Shell...
[2020.01.14-19.40.12:031][375]LogSkeletalMesh: Built Skeletal Mesh [0.01s] /Game/InfinityBladeWarriors/Character/CompleteCharacters/SK_CharM_Shell.SK_CharM_Shell
[2020.01.14-19.40.13:328][375]LogTexture: Display: Building textures: T_CharM_Standard_Mask (DXT1, 2048X2048)
[2020.01.14-19.40.13:328][375]LogShaderCompilers: Display: Worker (3/9): shaders left to compile 305
[2020.01.14-19.40.13:328][375]LogTexture: Display: Building textures: T_CharM_Standard_N (BC5, 2048X2048)
[2020.01.14-19.40.13:328][375]LogTexture: Display: Building textures: T_CharM_Standard_D (DXT1, 2048X2048)
[2020.01.14-19.40.13:328][375]LogMaterial: Display: Missing cached shader map for material M_Char_Standard, compiling. 
[2020.01.14-19.40.13:368][375]LogSkeletalMesh: Building Skeletal Mesh SK_CharM_Standard...
[2020.01.14-19.40.13:375][375]LogSkeletalMesh: Built Skeletal Mesh [0.01s] /Game/InfinityBladeWarriors/Character/CompleteCharacters/SK_CharM_Standard.SK_CharM_Standard
[2020.01.14-19.40.14:632][375]LogShaderCompilers: Display: Worker (4/9): shaders left to compile 334
[2020.01.14-19.40.14:632][375]LogTexture: Display: Building textures: T_CharM_BarbarousElite_D (DXT1, 2048X2048)
[2020.01.14-19.40.14:632][375]LogShaderCompilers: Display: Worker (8/9): shaders left to compile 324
[2020.01.14-19.40.14:632][375]LogMaterial: Display: Missing cached shader map for material M_Char_Barbarous_Elite, compiling. 
[2020.01.14-19.40.19:673][375]LogTexture: Display: Building textures: T_CharM_Base_D_MetalMask (AutoDXT, 1024X1024)
[2020.01.14-19.40.19:673][375]LogTexture: Display: Building textures: T_CharM_Bladed_Elite_D (DXT1, 2048X2048)
[2020.01.14-19.40.19:673][375]LogTexture: Display: Building textures: T_CharM_NaturalElite_D (DXT1, 2048X2048)
[2020.01.14-19.40.19:673][375]LogShaderCompilers: Display: Worker (3/9): shaders left to compile 353
[2020.01.14-19.40.19:673][375]LogShaderCompilers: Display: Worker (5/9): shaders left to compile 343
[2020.01.14-19.40.19:673][375]LogTexture: Display: Building textures: T_CharM_NaturalElite_Mask (AutoDXT, 2048X2048)
[2020.01.14-19.40.19:673][375]LogShaderCompilers: Display: Worker (7/9): shaders left to compile 333
[2020.01.14-19.40.19:673][375]LogTexture: Display: Building textures: T_CharM_NaturalElite_N (AutoDXT, 2048X2048)
[2020.01.14-19.40.19:673][375]LogShaderCompilers: Display: Worker (1/9): shaders left to compile 323
[2020.01.14-19.40.19:673][375]LogShaderCompilers: Display: Worker (2/9): shaders left to compile 313
[2020.01.14-19.40.19:673][375]LogTexture: Display: Building textures: T_CharM_Trench_D (DXT1, 2048X2048)
[2020.01.14-19.40.19:673][375]LogShaderCompilers: Display: Worker (6/9): shaders left to compile 303
[2020.01.14-19.40.19:673][375]LogShaderCompilers: Display: Worker (4/9): shaders left to compile 293
[2020.01.14-19.40.19:673][375]LogMaterial: Display: Missing cached shader map for material M_Char_Pit2, compiling. 
[2020.01.14-19.40.20:098][375]LogTexture: Display: Building textures: T_CharM_Pit3_D (DXT1, 1024X1024)
[2020.01.14-19.40.20:098][375]LogMaterial: Display: Missing cached shader map for material M_Char_Pit3, compiling. 
[2020.01.14-19.40.27:302][375]LogTexture: Display: Building textures: T_CharM_Gorge_D (DXT1, 2048X2048)
[2020.01.14-19.40.27:302][375]LogTexture: Display: Building textures: T_CharM_Ram_C_D (DXT1, 2048X2048)
[2020.01.14-19.40.27:302][375]LogShaderCompilers: Display: Worker (7/9): shaders left to compile 361
[2020.01.14-19.40.27:302][375]LogShaderCompilers: Display: Worker (8/9): shaders left to compile 351
[2020.01.14-19.40.27:302][375]LogTexture: Display: Building textures: T_CharM_Ram_D (AutoDXT, 2048X2048)
[2020.01.14-19.40.27:302][375]LogShaderCompilers: Display: Worker (4/9): shaders left to compile 341
[2020.01.14-19.40.27:302][375]LogTexture: Display: Building textures: T_CharM_ShellB_D (DXT1, 2048X2048)
[2020.01.14-19.40.27:302][375]LogShaderCompilers: Display: Worker (3/9): shaders left to compile 331
[2020.01.14-19.40.27:302][375]LogShaderCompilers: Display: Worker (5/9): shaders left to compile 321
[2020.01.14-19.40.27:302][375]LogShaderCompilers: Display: Worker (6/9): shaders left to compile 311
[2020.01.14-19.40.27:302][375]LogTexture: Display: Building textures: T_CharM_Shell_C (DXT1, 2048X2048)
[2020.01.14-19.40.27:303][375]LogMaterial: Display: Missing cached shader map for material M_CharM_Solid_Alternate, compiling. 
[2020.01.14-19.40.28:863][375]LogTexture: Display: Building textures: T_CharM_Solid_Alt_Mask (DXT1, 2048X2048)
[2020.01.14-19.40.28:863][375]LogTexture: Display: Building textures: T_CharM_Standard_Elite_D (DXT1, 2048X2048)
[2020.01.14-19.40.28:863][375]LogShaderCompilers: Display: Worker (1/9): shaders left to compile 340
[2020.01.14-19.40.28:863][375]LogShaderCompilers: Display: Worker (4/9): shaders left to compile 330
[2020.01.14-19.40.28:863][375]LogMaterial: Display: Missing cached shader map for material M_Char_Standard_Elite, compiling. 
[2020.01.14-19.40.30:601][375]LogTexture: Display: Building textures: T_CharM_Horn_D (DXT1, 2048X2048)
[2020.01.14-19.40.30:601][375]LogShaderCompilers: Display: Worker (2/9): shaders left to compile 359
[2020.01.14-19.40.30:601][375]LogShaderCompilers: Display: Worker (7/9): shaders left to compile 349
[2020.01.14-19.40.30:601][375]LogMaterial: Display: Missing cached shader map for material M_Char_Horn, compiling. 
[2020.01.14-19.40.32:366][375]LogTexture: Display: Building textures: T_CharM_Talon_D (DXT1, 2048X2048)
[2020.01.14-19.40.32:367][375]LogShaderCompilers: Display: Worker (3/9): shaders left to compile 378
[2020.01.14-19.40.32:367][375]LogShaderCompilers: Display: Worker (8/9): shaders left to compile 368
[2020.01.14-19.40.32:367][375]LogShaderCompilers: Display: Worker (4/9): shaders left to compile 358
[2020.01.14-19.40.32:367][375]LogMaterial: Display: Missing cached shader map for material M_Char_Talon, compiling. 
[2020.01.14-19.40.34:020][375]LogTexture: Display: Building textures: T_CharM_Warrior_D (DXT1, 2048X2048)
[2020.01.14-19.40.34:020][375]LogMaterial: Display: Missing cached shader map for material M_Char_Warrior, compiling. 
[2020.01.14-19.40.40:361][375]LogTexture: Display: Building textures: T_CharM_Warrior_Emissive (AutoDXT, 2048X2048)
[2020.01.14-19.40.40:361][375]LogShaderCompilers: Display: Worker (1/9): shaders left to compile 426
[2020.01.14-19.40.40:361][375]LogTexture: Display: Building textures: LQ_Lightmap_0_1 (DXT1, 128X128)
[2020.01.14-19.40.40:361][375]LogTexture: Display: Building textures: HQ_Lightmap0_1 (AutoDXT, 128X128)
[2020.01.14-19.40.40:361][375]LogTexture: Display: Building textures: ShadowMapTexture2D_0 (G8, 128X64)
[2020.01.14-19.40.40:361][375]LogTexture: Display: Building textures: ShadowMapTexture2D_1 (G8, 1024X512)
[2020.01.14-19.40.40:361][375]LogTexture: Display: Building textures: HDRI_Epic_Courtyard_Daylight (RGBA16F, 1024X512)
[2020.01.14-19.40.40:361][375]LogTexture: Display: Building textures: LQ_Lightmap_0_2 (DXT1, 1024X1024)
[2020.01.14-19.40.40:362][375]LogTexture: Display: Building textures: HQ_Lightmap0_2 (AutoDXT, 1024X1024)
[2020.01.14-19.40.40:362][375]LogTexture: Display: Building textures: T_MeterGrid_01_M (BGRA8, 2048X2048)
[2020.01.14-19.40.40:362][375]LogShaderCompilers: Display: Worker (5/9): shaders left to compile 416
[2020.01.14-19.40.40:362][375]LogShaderCompilers: Display: Worker (2/9): shaders left to compile 406
[2020.01.14-19.40.40:362][375]LogShaderCompilers: Display: Worker (4/9): shaders left to compile 396
[2020.01.14-19.40.40:362][375]LogShaderCompilers: Display: Worker (7/9): shaders left to compile 386
[2020.01.14-19.40.40:362][375]LogShaderCompilers: Display: Worker (8/9): shaders left to compile 376
[2020.01.14-19.40.40:362][375]LogShaderCompilers: Display: Worker (6/9): shaders left to compile 366
[2020.01.14-19.40.40:362][375]LogShaderCompilers: Display: Worker (3/9): shaders left to compile 356
[2020.01.14-19.40.40:362][375]LogMaterial: Display: Missing cached shader map for material M_CycRoom_01, compiling. 
[2020.01.14-19.40.40:487][375]LogStaticMesh: Building static mesh SM_CycRoom_01...
[2020.01.14-19.40.40:539][375]LogStaticMesh: Built static mesh [0.05s] /Game/InfinityBladeWarriors/Maps/LevelContent/Architecture/SM_CycRoom_01.SM_CycRoom_01
[2020.01.14-19.40.40:561][375]LogMaterial: Display: Missing cached shader map for material M_1Meter_01, compiling. 
[2020.01.14-19.40.40:626][375]LogStaticMesh: Building static mesh SM_1Meter_01...
[2020.01.14-19.40.40:698][375]LogShaderCompilers: Display: Worker (1/9): shaders left to compile 399
[2020.01.14-19.40.40:698][375]LogStaticMesh: Built static mesh [0.07s] /Game/InfinityBladeWarriors/Maps/LevelContent/Architecture/SM_1Meter_01.SM_1Meter_01
[2020.01.14-19.40.40:716][375]LogMaterial: Display: Missing cached shader map for material M_CycWall_01, compiling. 
[2020.01.14-19.40.40:776][375]LogAIModule: Creating AISystem for world Overview
[2020.01.14-19.40.41:057][375]LogShaderCompilers: Display: Worker (2/9): shaders left to compile 413
[2020.01.14-19.40.41:057][375]LogShaderCompilers: Display: Worker (5/9): shaders left to compile 403
[2020.01.14-19.40.41:058][375]LogActorComponent: RegisterComponentWithWorld: (/Game/InfinityBladeWarriors/Maps/Overview.Overview:PersistentLevel.WorldSettings_1.StaticMeshComponent0) Trying to register component with IsPendingKill() == true. Aborting.
[2020.01.14-19.40.41:062][375]LogObjectTools: Deleting 1 worlds: /Game/InfinityBladeWarriors/Maps/Overview.Overview
[2020.01.14-19.40.41:063][375]LogObjectTools: Currently 7 active worlds: /Game/ThirdPersonBP/Maps/ThirdPersonExampleMap.ThirdPersonExampleMap, /Engine/Transient.World_0, /Engine/Transient.World_1, /Engine/Transient.World_2, /Engine/Transient.World_3, /Engine/Transient.World_4, /Engine/Transient.World_5
[2020.01.14-19.40.41:167][375]LogUObjectHash: Compacting FUObjectHashTables data took   7.91ms
[2020.01.14-19.40.43:179][375]LogShaderCompilers: Display: Worker (4/9): shaders left to compile 393
[2020.01.14-19.40.44:148][375]LogShaderCompilers: Display: Worker (6/9): shaders left to compile 383
[2020.01.14-19.40.44:148][375]LogShaderCompilers: Display: Worker (8/9): shaders left to compile 373
[2020.01.14-19.40.44:148][375]LogShaderCompilers: Display: Worker (3/9): shaders left to compile 363
[2020.01.14-19.40.45:162][375]LogShaderCompilers: Display: Worker (7/9): shaders left to compile 353
[2020.01.14-19.40.45:662][375]LogShaderCompilers: Display: Worker (5/9): shaders left to compile 343
[2020.01.14-19.40.46:153][375]LogShaderCompilers: Display: Worker (2/9): shaders left to compile 333
[2020.01.14-19.40.46:638][375]LogShaderCompilers: Display: Worker (1/9): shaders left to compile 323
[2020.01.14-19.40.47:096][375]LogShaderCompilers: Display: Worker (4/9): shaders left to compile 313
[2020.01.14-19.40.48:508][375]LogShaderCompilers: Display: Worker (8/9): shaders left to compile 303
[2020.01.14-19.40.48:960][375]LogShaderCompilers: Display: Worker (3/9): shaders left to compile 293
[2020.01.14-19.40.49:415][375]LogShaderCompilers: Display: Worker (7/9): shaders left to compile 283
[2020.01.14-19.40.49:415][375]LogShaderCompilers: Display: Worker (6/9): shaders left to compile 273
[2020.01.14-19.40.50:376][375]LogShaderCompilers: Display: Worker (2/9): shaders left to compile 263
[2020.01.14-19.40.50:376][375]LogShaderCompilers: Display: Worker (5/9): shaders left to compile 253
[2020.01.14-19.40.50:824][375]LogShaderCompilers: Display: Worker (1/9): shaders left to compile 243
[2020.01.14-19.40.51:308][375]LogShaderCompilers: Display: Worker (4/9): shaders left to compile 233
[2020.01.14-19.40.53:222][375]LogShaderCompilers: Display: Worker (3/9): shaders left to compile 223
[2020.01.14-19.40.53:222][375]LogShaderCompilers: Display: Worker (7/9): shaders left to compile 213
[2020.01.14-19.40.53:222][375]LogShaderCompilers: Display: Worker (8/9): shaders left to compile 203
[2020.01.14-19.40.53:716][375]LogShaderCompilers: Display: Worker (6/9): shaders left to compile 193
[2020.01.14-19.40.54:626][375]LogShaderCompilers: Display: Worker (5/9): shaders left to compile 183
[2020.01.14-19.40.54:626][375]LogShaderCompilers: Display: Worker (1/9): shaders left to compile 173
[2020.01.14-19.40.55:096][375]LogShaderCompilers: Display: Worker (2/9): shaders left to compile 163
[2020.01.14-19.40.56:052][375]LogShaderCompilers: Display: Worker (4/9): shaders left to compile 153
[2020.01.14-19.40.56:970][375]LogShaderCompilers: Display: Worker (8/9): shaders left to compile 143
[2020.01.14-19.40.57:431][375]LogShaderCompilers: Display: Worker (3/9): shaders left to compile 133
[2020.01.14-19.40.57:431][375]LogShaderCompilers: Display: Worker (7/9): shaders left to compile 123
[2020.01.14-19.40.58:388][375]LogShaderCompilers: Display: Worker (2/9): shaders left to compile 113
[2020.01.14-19.40.58:845][375]LogShaderCompilers: Display: Worker (1/9): shaders left to compile 103
[2020.01.14-19.40.58:845][375]LogShaderCompilers: Display: Worker (5/9): shaders left to compile 93
[2020.01.14-19.40.58:845][375]LogShaderCompilers: Display: Worker (6/9): shaders left to compile 83
[2020.01.14-19.41.01:228][375]LogShaderCompilers: Display: Worker (7/9): shaders left to compile 73
[2020.01.14-19.41.01:683][375]LogShaderCompilers: Display: Worker (3/9): shaders left to compile 63
[2020.01.14-19.41.01:683][375]LogShaderCompilers: Display: Worker (8/9): shaders left to compile 55
[2020.01.14-19.41.01:683][375]LogShaderCompilers: Display: Worker (4/9): shaders left to compile 48
[2020.01.14-19.41.03:135][375]LogShaderCompilers: Display: Worker (6/9): shaders left to compile 41
[2020.01.14-19.41.03:135][375]LogShaderCompilers: Display: Worker (8/9): shaders left to compile 35
[2020.01.14-19.41.03:591][375]LogShaderCompilers: Display: Worker (1/9): shaders left to compile 30
[2020.01.14-19.41.03:591][375]LogShaderCompilers: Display: Worker (5/9): shaders left to compile 26
[2020.01.14-19.41.04:078][375]LogShaderCompilers: Display: Worker (2/9): shaders left to compile 22
[2020.01.14-19.41.05:015][375]LogShaderCompilers: Display: Worker (5/9): shaders left to compile 19
[2020.01.14-19.41.05:459][375]LogShaderCompilers: Display: Worker (4/9): shaders left to compile 16
[2020.01.14-19.41.05:459][375]LogShaderCompilers: Display: Worker (1/9): shaders left to compile 13
[2020.01.14-19.41.05:459][375]LogShaderCompilers: Display: Worker (2/9): shaders left to compile 11
[2020.01.14-19.41.05:996][375]LogShaderCompilers: Display: Worker (3/9): shaders left to compile 9
[2020.01.14-19.41.05:996][375]LogShaderCompilers: Display: Worker (8/9): shaders left to compile 7
[2020.01.14-19.41.05:996][375]LogShaderCompilers: Display: Worker (6/9): shaders left to compile 6
[2020.01.14-19.41.06:475][375]LogShaderCompilers: Display: Worker (7/9): shaders left to compile 5
[2020.01.14-19.41.06:475][375]LogShaderCompilers: Display: Worker (5/9): shaders left to compile 4
[2020.01.14-19.41.06:845][375]LogShaderCompilers: Display: Worker (2/9): shaders left to compile 3
[2020.01.14-19.41.06:845][375]LogShaderCompilers: Display: Worker (1/9): shaders left to compile 2
[2020.01.14-19.41.06:845][375]LogShaderCompilers: Display: Worker (8/9): shaders left to compile 1
[2020.01.14-19.41.49:057][375]LogSlate: Window 'Delete Assets' being destroyed
